Using pre-set license
Built from '2021.3/staging' branch; Version is '2021.3.6f1 (7da38d85baf6) revision 8233869'; Using compiler version '192829333'; Build Type 'Release'
OS: 'Windows 10  (10.0.19043) 64bit Core' Language: 'pt' Physical Memory: 8174 MB
BatchMode: 1, IsHumanControllingUs: 0, StartBugReporterOnCrash: 0, Is64bit: 1, IsPro: 1

COMMAND LINE ARGUMENTS:
Z:\Programas\unity\unity editor\2021.3.6f1\Editor\Unity.exe
-adb2
-batchMode
-noUpm
-name
AssetImportWorker2
-projectPath
Z:/Eros/jogos/unity-projects/My project (1)
-logFile
Logs/AssetImportWorker2.log
-srvPort
59915
Successfully changed project path to: Z:/Eros/jogos/unity-projects/My project (1)
Z:/Eros/jogos/unity-projects/My project (1)
[UnityMemory] Configuration Parameters - Can be set up in boot.config
    "memorysetup-bucket-allocator-granularity=16"
    "memorysetup-bucket-allocator-bucket-count=8"
    "memorysetup-bucket-allocator-block-size=33554432"
    "memorysetup-bucket-allocator-block-count=8"
    "memorysetup-main-allocator-block-size=16777216"
    "memorysetup-thread-allocator-block-size=16777216"
    "memorysetup-gfx-main-allocator-block-size=16777216"
    "memorysetup-gfx-thread-allocator-block-size=16777216"
    "memorysetup-cache-allocator-block-size=4194304"
    "memorysetup-typetree-allocator-block-size=2097152"
    "memorysetup-profiler-bucket-allocator-granularity=16"
    "memorysetup-profiler-bucket-allocator-bucket-count=8"
    "memorysetup-profiler-bucket-allocator-block-size=33554432"
    "memorysetup-profiler-bucket-allocator-block-count=8"
    "memorysetup-profiler-allocator-block-size=16777216"
    "memorysetup-profiler-editor-allocator-block-size=1048576"
    "memorysetup-temp-allocator-size-main=16777216"
    "memorysetup-job-temp-allocator-block-size=2097152"
    "memorysetup-job-temp-allocator-block-size-background=1048576"
    "memorysetup-job-temp-allocator-reduction-small-platforms=262144"
    "memorysetup-temp-allocator-size-background-worker=32768"
    "memorysetup-temp-allocator-size-job-worker=262144"
    "memorysetup-temp-allocator-size-preload-manager=33554432"
    "memorysetup-temp-allocator-size-nav-mesh-worker=65536"
    "memorysetup-temp-allocator-size-audio-worker=65536"
    "memorysetup-temp-allocator-size-cloud-worker=32768"
    "memorysetup-temp-allocator-size-gi-baking-worker=262144"
    "memorysetup-temp-allocator-size-gfx=262144"
Refreshing native plugins compatible for Editor in 195.20 ms, found 4 plugins.
Preloading 0 native plugins for Editor in 0.00 ms.
Initialize engine version: 2021.3.6f1 (7da38d85baf6)
[Subsystems] Discovering subsystems at path Z:/Programas/unity/unity editor/2021.3.6f1/Editor/Data/Resources/UnitySubsystems
[Subsystems] Discovering subsystems at path Z:/Eros/jogos/unity-projects/My project (1)/Assets
GfxDevice: creating device client; threaded=0; jobified=0
Direct3D:
    Version:  Direct3D 11.0 [level 11.0]
    Renderer: NVIDIA GeForce GTX 660 (ID=0x11c0)
    Vendor:   NVIDIA
    VRAM:     1998 MB
    Driver:   27.21.14.5671
Initialize mono
Mono path[0] = 'Z:/Programas/unity/unity editor/2021.3.6f1/Editor/Data/Managed'
Mono path[1] = 'Z:/Programas/unity/unity editor/2021.3.6f1/Editor/Data/MonoBleedingEdge/lib/mono/unityjit-win32'
Mono config path = 'Z:/Programas/unity/unity editor/2021.3.6f1/Editor/Data/MonoBleedingEdge/etc'
Using monoOptions --debugger-agent=transport=dt_socket,embedding=1,server=y,suspend=n,address=127.0.0.1:56884
Begin MonoManager ReloadAssembly
Registering precompiled unity dll's ...
Register platform support module: Z:/Programas/unity/unity editor/2021.3.6f1/Editor/Data/PlaybackEngines/WebGLSupport/UnityEditor.WebGL.Extensions.dll
Register platform support module: Z:/Programas/unity/unity editor/2021.3.6f1/Editor/Data/PlaybackEngines/WindowsStandaloneSupport/UnityEditor.WindowsStandalone.Extensions.dll
Registered in 0.015743 seconds.
Native extension for WindowsStandalone target not found
Native extension for WebGL target not found
Refreshing native plugins compatible for Editor in 197.85 ms, found 4 plugins.
Preloading 0 native plugins for Editor in 0.00 ms.
Mono: successfully reloaded assembly
- Completed reload, in  2.591 seconds
Domain Reload Profiling:
	ReloadAssembly (2592ms)
		BeginReloadAssembly (222ms)
			ExecutionOrderSort (0ms)
			DisableScriptedObjects (0ms)
			BackupInstance (0ms)
			ReleaseScriptingObjects (0ms)
			CreateAndSetChildDomain (1ms)
		EndReloadAssembly (2027ms)
			LoadAssemblies (223ms)
			RebuildTransferFunctionScriptingTraits (0ms)
			SetupTypeCache (914ms)
			ReleaseScriptCaches (0ms)
			RebuildScriptCaches (121ms)
			SetupLoadedEditorAssemblies (851ms)
				LogAssemblyErrors (0ms)
				InitializePlatformSupportModulesInManaged (29ms)
				SetLoadedEditorAssemblies (0ms)
				RefreshPlugins (198ms)
				BeforeProcessingInitializeOnLoad (2ms)
				ProcessInitializeOnLoadAttributes (346ms)
				ProcessInitializeOnLoadMethodAttributes (276ms)
				AfterProcessingInitializeOnLoad (0ms)
				EditorAssembliesLoaded (0ms)
			ExecutionOrderSort2 (0ms)
			AwakeInstancesAfterBackupRestoration (0ms)
Platform modules already initialized, skipping
Registering precompiled user dll's ...
Registered in 0.036286 seconds.
Begin MonoManager ReloadAssembly
Symbol file LoadedFromMemory doesn't match image Z:\Eros\jogos\unity-projects\My project (1)\Library\PackageCache\com.unity.visualscripting@1.7.8\Editor\VisualScripting.Core\Dependencies\YamlDotNet\Unity.VisualScripting.YamlDotNet.dll
Symbol file LoadedFromMemory doesn't match image Z:\Eros\jogos\unity-projects\My project (1)\Library\PackageCache\com.unity.visualscripting@1.7.8\Editor\VisualScripting.Core\Dependencies\DotNetZip\Unity.VisualScripting.IonicZip.dll
Native extension for WindowsStandalone target not found
Native extension for WebGL target not found
Refreshing native plugins compatible for Editor in 202.40 ms, found 4 plugins.
Preloading 0 native plugins for Editor in 0.00 ms.
Mono: successfully reloaded assembly
- Completed reload, in  3.072 seconds
Domain Reload Profiling:
	ReloadAssembly (3083ms)
		BeginReloadAssembly (333ms)
			ExecutionOrderSort (0ms)
			DisableScriptedObjects (16ms)
			BackupInstance (0ms)
			ReleaseScriptingObjects (0ms)
			CreateAndSetChildDomain (37ms)
		EndReloadAssembly (2528ms)
			LoadAssemblies (949ms)
			RebuildTransferFunctionScriptingTraits (0ms)
			SetupTypeCache (432ms)
			ReleaseScriptCaches (1ms)
			RebuildScriptCaches (125ms)
			SetupLoadedEditorAssemblies (992ms)
				LogAssemblyErrors (0ms)
				InitializePlatformSupportModulesInManaged (9ms)
				SetLoadedEditorAssemblies (0ms)
				RefreshPlugins (203ms)
				BeforeProcessingInitializeOnLoad (180ms)
				ProcessInitializeOnLoadAttributes (445ms)
				ProcessInitializeOnLoadMethodAttributes (146ms)
				AfterProcessingInitializeOnLoad (9ms)
				EditorAssembliesLoaded (0ms)
			ExecutionOrderSort2 (0ms)
			AwakeInstancesAfterBackupRestoration (17ms)
Platform modules already initialized, skipping
========================================================================
Worker process is ready to serve import requests
Launched and connected shader compiler UnityShaderCompiler.exe after 0.53 seconds
Refreshing native plugins compatible for Editor in 1.09 ms, found 4 plugins.
Preloading 0 native plugins for Editor in 0.00 ms.
Unloading 4060 Unused Serialized files (Serialized files now loaded: 0)
Unloading 44 unused Assets / (223.0 KB). Loaded Objects now: 4510.
Memory consumption went from 151.2 MB to 150.9 MB.
Total: 5.746200 ms (FindLiveObjects: 0.984600 ms CreateObjectMapping: 0.317600 ms MarkObjects: 4.230200 ms  DeleteObjects: 0.211900 ms)

AssetImportParameters requested are different than current active one (requested -> active):
  custom:video-decoder-ogg-theora: a1e56fd34408186e4bbccfd4996cb3dc -> 
  custom:container-muxer-webm: aa71ff27fc2769a1b78a27578f13a17b -> 
  custom:container-demuxer-webm: 4f35f7cbe854078d1ac9338744f61a02 -> 
  custom:video-encoder-webm-vp8: eb34c28f22e8b96e1ab97ce403110664 -> 
  custom:audio-encoder-webm-vorbis: bf7c407c2cedff20999df2af8eb42d56 -> 
  custom:framework-win-MediaFoundation: 216162199b28c13a410421893ffa2e32 -> 
  custom:container-demuxer-ogg: 62fdf1f143b41e24485cea50d1cbac27 -> 
  custom:video-decoder-webm-vp8: 9c59270c3fd7afecdb556c50c9e8de78 -> 
  custom:audio-decoder-ogg-vorbis: bf7c407c2cedff20999df2af8eb42d56 -> 
========================================================================
Received Import Request.
  Time since last request: 55889.687525 seconds.
  path: Assets/Medieval_pixel_art_asset_FREE/Tiles_free/Medieval_tiles_free2_18.asset
  artifactKey: Guid(10647dd5dcafe1f4bbdf174163405cc0) Importer(815301076,1909f56bfc062723c751e8b465ee728b)
Start importing Assets/Medieval_pixel_art_asset_FREE/Tiles_free/Medieval_tiles_free2_18.asset using Guid(10647dd5dcafe1f4bbdf174163405cc0) Importer(815301076,1909f56bfc062723c751e8b465ee728b)  -> (artifact id: 'd0173a06e90801c60ff5ac6e8a971cc6') in 0.187405 seconds 
========================================================================
Received Import Request.
  Time since last request: 0.000028 seconds.
  path: Assets/Medieval_pixel_art_asset_FREE/Tiles_free/Medieval_tiles_free2_4.asset
  artifactKey: Guid(171f86f8edb27b94bb438bc33e86bdc7) Importer(815301076,1909f56bfc062723c751e8b465ee728b)
Start importing Assets/Medieval_pixel_art_asset_FREE/Tiles_free/Medieval_tiles_free2_4.asset using Guid(171f86f8edb27b94bb438bc33e86bdc7) Importer(815301076,1909f56bfc062723c751e8b465ee728b)  -> (artifact id: '6eb148565b79012d9aebcf4752bc37a6') in 0.033414 seconds 
========================================================================
Received Import Request.
  Time since last request: 0.000038 seconds.
  path: Assets/Medieval_pixel_art_asset_FREE/Tiles_free/Medieval_tiles_free2_28.asset
  artifactKey: Guid(f1bcaf2a57ee8b743a9dd0f7d8d27aa5) Importer(815301076,1909f56bfc062723c751e8b465ee728b)
Start importing Assets/Medieval_pixel_art_asset_FREE/Tiles_free/Medieval_tiles_free2_28.asset using Guid(f1bcaf2a57ee8b743a9dd0f7d8d27aa5) Importer(815301076,1909f56bfc062723c751e8b465ee728b)  -> (artifact id: 'c511e56c629256f1d58af7ee40d5fcd8') in 0.044017 seconds 
========================================================================
Received Import Request.
  Time since last request: 0.000060 seconds.
  path: Assets/Medieval_pixel_art_asset_FREE/Tiles_free/Medieval_tiles_free2_50.asset
  artifactKey: Guid(a4bb22a71934f524cb9bfbfdc56c7bc1) Importer(815301076,1909f56bfc062723c751e8b465ee728b)
Start importing Assets/Medieval_pixel_art_asset_FREE/Tiles_free/Medieval_tiles_free2_50.asset using Guid(a4bb22a71934f524cb9bfbfdc56c7bc1) Importer(815301076,1909f56bfc062723c751e8b465ee728b)  -> (artifact id: '7b4688346a4d9fd789de35fd3b0567a3') in 0.030346 seconds 
========================================================================
Received Import Request.
  Time since last request: 0.000120 seconds.
  path: Assets/Medieval_pixel_art_asset_FREE/Tiles_free/Medieval_tiles_free2_71.asset
  artifactKey: Guid(6f7bf8ecc85caa640989089f95e2ec2d) Importer(815301076,1909f56bfc062723c751e8b465ee728b)
Start importing Assets/Medieval_pixel_art_asset_FREE/Tiles_free/Medieval_tiles_free2_71.asset using Guid(6f7bf8ecc85caa640989089f95e2ec2d) Importer(815301076,1909f56bfc062723c751e8b465ee728b)  -> (artifact id: '23a56101c48ce67facd7b3c8ddd7fae9') in 0.044029 seconds 
========================================================================
Received Import Request.
  Time since last request: 0.000029 seconds.
  path: Assets/Medieval_pixel_art_asset_FREE/Tiles_free/Medieval_tiles_free2_73.asset
  artifactKey: Guid(bac52dd12c309e5469d0092bc20ce68c) Importer(815301076,1909f56bfc062723c751e8b465ee728b)
Start importing Assets/Medieval_pixel_art_asset_FREE/Tiles_free/Medieval_tiles_free2_73.asset using Guid(bac52dd12c309e5469d0092bc20ce68c) Importer(815301076,1909f56bfc062723c751e8b465ee728b)  -> (artifact id: 'be0d88578ed36b8aa94e40b1727cb905') in 0.036976 seconds 
========================================================================
Received Import Request.
  Time since last request: 0.000037 seconds.
  path: Assets/Medieval_pixel_art_asset_FREE/Tiles_free/Medieval_tiles_free2_42.asset
  artifactKey: Guid(74ebba021b6c4634cb06399c746ff31b) Importer(815301076,1909f56bfc062723c751e8b465ee728b)
Start importing Assets/Medieval_pixel_art_asset_FREE/Tiles_free/Medieval_tiles_free2_42.asset using Guid(74ebba021b6c4634cb06399c746ff31b) Importer(815301076,1909f56bfc062723c751e8b465ee728b)  -> (artifact id: 'bb2ee6469f8519d62ed2c025b9764d61') in 0.093641 seconds 
========================================================================
Received Import Request.
  Time since last request: 0.000039 seconds.
  path: Assets/Medieval_pixel_art_asset_FREE/Tiles_free/Medieval_tiles_free2_5.asset
  artifactKey: Guid(2fb88953e2c1c0c4a91f42a64ec98399) Importer(815301076,1909f56bfc062723c751e8b465ee728b)
Start importing Assets/Medieval_pixel_art_asset_FREE/Tiles_free/Medieval_tiles_free2_5.asset using Guid(2fb88953e2c1c0c4a91f42a64ec98399) Importer(815301076,1909f56bfc062723c751e8b465ee728b)  -> (artifact id: 'c4eab61cf31782449edf6cbf98e45874') in 0.029563 seconds 
========================================================================
Received Import Request.
  Time since last request: 0.000122 seconds.
  path: Assets/Medieval_pixel_art_asset_FREE/Tiles_free/Medieval_tiles_free2_8.asset
  artifactKey: Guid(0e2cab3f02c7fb341a7d53298845604a) Importer(815301076,1909f56bfc062723c751e8b465ee728b)
Start importing Assets/Medieval_pixel_art_asset_FREE/Tiles_free/Medieval_tiles_free2_8.asset using Guid(0e2cab3f02c7fb341a7d53298845604a) Importer(815301076,1909f56bfc062723c751e8b465ee728b)  -> (artifact id: '34aaa77ded8c3845d00663eb66c5dbb2') in 0.030218 seconds 
========================================================================
Received Import Request.
  Time since last request: 0.000030 seconds.
  path: Assets/Medieval_pixel_art_asset_FREE/Tiles_free/Medieval_tiles_free2_53.asset
  artifactKey: Guid(f329e299f14bcfb49a756b3f099187e5) Importer(815301076,1909f56bfc062723c751e8b465ee728b)
Start importing Assets/Medieval_pixel_art_asset_FREE/Tiles_free/Medieval_tiles_free2_53.asset using Guid(f329e299f14bcfb49a756b3f099187e5) Importer(815301076,1909f56bfc062723c751e8b465ee728b)  -> (artifact id: '402165f913accbecfa144572b9fb3790') in 0.033997 seconds 
========================================================================
Received Import Request.
  Time since last request: 0.000027 seconds.
  path: Assets/Medieval_pixel_art_asset_FREE/Tiles_free/Medieval_tiles_free2_40.asset
  artifactKey: Guid(0c613769e6d22c04cb0c20f59c3160ae) Importer(815301076,1909f56bfc062723c751e8b465ee728b)
Start importing Assets/Medieval_pixel_art_asset_FREE/Tiles_free/Medieval_tiles_free2_40.asset using Guid(0c613769e6d22c04cb0c20f59c3160ae) Importer(815301076,1909f56bfc062723c751e8b465ee728b)  -> (artifact id: 'c77e697ba05a397c6decab9c94d8314c') in 0.022763 seconds 
========================================================================
Received Import Request.
  Time since last request: 0.000024 seconds.
  path: Assets/Medieval_pixel_art_asset_FREE/Tiles_free/Medieval_tiles_free2_79.asset
  artifactKey: Guid(5ff0c1793623d4d40807e8945cb109a7) Importer(815301076,1909f56bfc062723c751e8b465ee728b)
Start importing Assets/Medieval_pixel_art_asset_FREE/Tiles_free/Medieval_tiles_free2_79.asset using Guid(5ff0c1793623d4d40807e8945cb109a7) Importer(815301076,1909f56bfc062723c751e8b465ee728b)  -> (artifact id: '0bb29629a977acddb800b58f686c4e21') in 0.026552 seconds 
========================================================================
Received Import Request.
  Time since last request: 0.000024 seconds.
  path: Assets/Medieval_pixel_art_asset_FREE/Tiles_free/Medieval_tiles_free2_37.asset
  artifactKey: Guid(2692f4efbd3809341a0d5eeb348d9bd8) Importer(815301076,1909f56bfc062723c751e8b465ee728b)
Start importing Assets/Medieval_pixel_art_asset_FREE/Tiles_free/Medieval_tiles_free2_37.asset using Guid(2692f4efbd3809341a0d5eeb348d9bd8) Importer(815301076,1909f56bfc062723c751e8b465ee728b)  -> (artifact id: '002b8354347102e85bba0c4e0ac7ceb3') in 0.035712 seconds 
========================================================================
Received Import Request.
  Time since last request: 0.000038 seconds.
  path: Assets/Medieval_pixel_art_asset_FREE/Tiles_free/Medieval_tiles_free2_62.asset
  artifactKey: Guid(07e731826059b264fa55dd97335be51b) Importer(815301076,1909f56bfc062723c751e8b465ee728b)
Start importing Assets/Medieval_pixel_art_asset_FREE/Tiles_free/Medieval_tiles_free2_62.asset using Guid(07e731826059b264fa55dd97335be51b) Importer(815301076,1909f56bfc062723c751e8b465ee728b)  -> (artifact id: '9c5eac8a61acf02fd909f4128890e6bd') in 0.021061 seconds 
========================================================================
Received Import Request.
  Time since last request: 0.000040 seconds.
  path: Assets/Medieval_pixel_art_asset_FREE/Tiles_free/Medieval_tiles_free2_60.asset
  artifactKey: Guid(aa3f6a82a6124f74ab6a46e72846b500) Importer(815301076,1909f56bfc062723c751e8b465ee728b)
Start importing Assets/Medieval_pixel_art_asset_FREE/Tiles_free/Medieval_tiles_free2_60.asset using Guid(aa3f6a82a6124f74ab6a46e72846b500) Importer(815301076,1909f56bfc062723c751e8b465ee728b)  -> (artifact id: 'caa814df89916661de5adfce20a2c161') in 0.031655 seconds 
========================================================================
Received Import Request.
  Time since last request: 0.000038 seconds.
  path: Assets/Medieval_pixel_art_asset_FREE/Tiles_free/Medieval_tiles_free2_17.asset
  artifactKey: Guid(1f5ec9855099f154c9a58ac3be8d2b1a) Importer(815301076,1909f56bfc062723c751e8b465ee728b)
Start importing Assets/Medieval_pixel_art_asset_FREE/Tiles_free/Medieval_tiles_free2_17.asset using Guid(1f5ec9855099f154c9a58ac3be8d2b1a) Importer(815301076,1909f56bfc062723c751e8b465ee728b)  -> (artifact id: '90afad6b344e9a2f40d0e136edde66d6') in 0.021394 seconds 
========================================================================
Received Import Request.
  Time since last request: 0.000023 seconds.
  path: Assets/Medieval_pixel_art_asset_FREE/Tiles_free/Medieval_tiles_free2_41.asset
  artifactKey: Guid(fb9912924f933524d95c2a67110c04de) Importer(815301076,1909f56bfc062723c751e8b465ee728b)
Start importing Assets/Medieval_pixel_art_asset_FREE/Tiles_free/Medieval_tiles_free2_41.asset using Guid(fb9912924f933524d95c2a67110c04de) Importer(815301076,1909f56bfc062723c751e8b465ee728b)  -> (artifact id: '91cad6be253bde31eb0faa7ce69c3eea') in 0.028440 seconds 
========================================================================
Received Import Request.
  Time since last request: 0.000025 seconds.
  path: Assets/Medieval_pixel_art_asset_FREE/Tiles_free/Medieval_tiles_free2_1.asset
  artifactKey: Guid(00fe28a97a714714ba7d64796c54617e) Importer(815301076,1909f56bfc062723c751e8b465ee728b)
Start importing Assets/Medieval_pixel_art_asset_FREE/Tiles_free/Medieval_tiles_free2_1.asset using Guid(00fe28a97a714714ba7d64796c54617e) Importer(815301076,1909f56bfc062723c751e8b465ee728b)  -> (artifact id: 'df6d3b285bb6b7fc0d44b8366d2ee7cf') in 0.025049 seconds 
========================================================================
Received Import Request.
  Time since last request: 0.000025 seconds.
  path: Assets/Medieval_pixel_art_asset_FREE/Tiles_free/Medieval_tiles_free2_49.asset
  artifactKey: Guid(a5e6056865d9eab4dac9498881c5fcf8) Importer(815301076,1909f56bfc062723c751e8b465ee728b)
Start importing Assets/Medieval_pixel_art_asset_FREE/Tiles_free/Medieval_tiles_free2_49.asset using Guid(a5e6056865d9eab4dac9498881c5fcf8) Importer(815301076,1909f56bfc062723c751e8b465ee728b)  -> (artifact id: 'bf77df644c5b73a39ebc53a1c606c50c') in 0.034546 seconds 
========================================================================
Received Import Request.
  Time since last request: 0.000036 seconds.
  path: Assets/Medieval_pixel_art_asset_FREE/Tiles_free/Medieval_tiles_free2_52.asset
  artifactKey: Guid(c9ed40586f9a4c14b91c068d3541384c) Importer(815301076,1909f56bfc062723c751e8b465ee728b)
Start importing Assets/Medieval_pixel_art_asset_FREE/Tiles_free/Medieval_tiles_free2_52.asset using Guid(c9ed40586f9a4c14b91c068d3541384c) Importer(815301076,1909f56bfc062723c751e8b465ee728b)  -> (artifact id: '7c4c11c53fd7e994d243e169ab3fe420') in 0.057508 seconds 
========================================================================
Received Import Request.
  Time since last request: 0.000627 seconds.
  path: Assets/Medieval_pixel_art_asset_FREE/Tiles_free/Medieval_tiles_free2_26.asset
  artifactKey: Guid(e248ab13b7a066d44ad69da8e1877934) Importer(815301076,1909f56bfc062723c751e8b465ee728b)
Start importing Assets/Medieval_pixel_art_asset_FREE/Tiles_free/Medieval_tiles_free2_26.asset using Guid(e248ab13b7a066d44ad69da8e1877934) Importer(815301076,1909f56bfc062723c751e8b465ee728b)  -> (artifact id: 'c3b419c01077563c63d17c22e24abf20') in 0.048866 seconds 
========================================================================
Received Import Request.
  Time since last request: 0.000081 seconds.
  path: Assets/Medieval_pixel_art_asset_FREE/Tiles_free/Medieval_tiles_free2_35.asset
  artifactKey: Guid(75ac9449cb30b084f837aa903efca74b) Importer(815301076,1909f56bfc062723c751e8b465ee728b)
Start importing Assets/Medieval_pixel_art_asset_FREE/Tiles_free/Medieval_tiles_free2_35.asset using Guid(75ac9449cb30b084f837aa903efca74b) Importer(815301076,1909f56bfc062723c751e8b465ee728b)  -> (artifact id: '5a6a04f7b7ef0966048e8032de089179') in 0.031471 seconds 
========================================================================
Received Import Request.
  Time since last request: 0.000106 seconds.
  path: Assets/Medieval_pixel_art_asset_FREE/Tiles_free/Medieval_tiles_free2_2.asset
  artifactKey: Guid(e23f9ccbba15c6e4d93127ee72575a4f) Importer(815301076,1909f56bfc062723c751e8b465ee728b)
Start importing Assets/Medieval_pixel_art_asset_FREE/Tiles_free/Medieval_tiles_free2_2.asset using Guid(e23f9ccbba15c6e4d93127ee72575a4f) Importer(815301076,1909f56bfc062723c751e8b465ee728b)  -> (artifact id: 'edd1bf4232048f1a89626f8b0bfd6255') in 0.032824 seconds 
========================================================================
Received Import Request.
  Time since last request: 0.000032 seconds.
  path: Assets/Medieval_pixel_art_asset_FREE/Tiles_free/Medieval_tiles_free2_68.asset
  artifactKey: Guid(961d20cb835a8a84197d9362cd9fcddb) Importer(815301076,1909f56bfc062723c751e8b465ee728b)
Start importing Assets/Medieval_pixel_art_asset_FREE/Tiles_free/Medieval_tiles_free2_68.asset using Guid(961d20cb835a8a84197d9362cd9fcddb) Importer(815301076,1909f56bfc062723c751e8b465ee728b)  -> (artifact id: '2191269ddb927ef970438ebe21ad3832') in 0.066932 seconds 
========================================================================
Received Import Request.
  Time since last request: 0.000033 seconds.
  path: Assets/Medieval_pixel_art_asset_FREE/Tiles_free/Medieval_tiles_free2_39.asset
  artifactKey: Guid(623aaf92a77c47b49a49e59d04951323) Importer(815301076,1909f56bfc062723c751e8b465ee728b)
Start importing Assets/Medieval_pixel_art_asset_FREE/Tiles_free/Medieval_tiles_free2_39.asset using Guid(623aaf92a77c47b49a49e59d04951323) Importer(815301076,1909f56bfc062723c751e8b465ee728b)  -> (artifact id: '66ed96f82ac5c3a3721ae7393327dc1b') in 0.029582 seconds 
========================================================================
Received Import Request.
  Time since last request: 0.000041 seconds.
  path: Assets/Medieval_pixel_art_asset_FREE/Tiles_free/Medieval_tiles_free2_33.asset
  artifactKey: Guid(4d39f938b384d774589f5eec56572f61) Importer(815301076,1909f56bfc062723c751e8b465ee728b)
Start importing Assets/Medieval_pixel_art_asset_FREE/Tiles_free/Medieval_tiles_free2_33.asset using Guid(4d39f938b384d774589f5eec56572f61) Importer(815301076,1909f56bfc062723c751e8b465ee728b)  -> (artifact id: '5a90a11c24c3dad8b92d41ede46b2f9a') in 0.028710 seconds 
========================================================================
Received Import Request.
  Time since last request: 0.000031 seconds.
  path: Assets/Medieval_pixel_art_asset_FREE/Tiles_free/Medieval_tiles_free2_56.asset
  artifactKey: Guid(8b5fd3f4903507840b77e6878986a4f7) Importer(815301076,1909f56bfc062723c751e8b465ee728b)
Start importing Assets/Medieval_pixel_art_asset_FREE/Tiles_free/Medieval_tiles_free2_56.asset using Guid(8b5fd3f4903507840b77e6878986a4f7) Importer(815301076,1909f56bfc062723c751e8b465ee728b)  -> (artifact id: '8357d3822ec6c67c7fd7e636b1331814') in 0.026351 seconds 
========================================================================
Received Import Request.
  Time since last request: 0.000026 seconds.
  path: Assets/Medieval_pixel_art_asset_FREE/Tiles_free/Medieval_tiles_free2_21.asset
  artifactKey: Guid(0bf16d69d9aeaae4189835c6b2342fd4) Importer(815301076,1909f56bfc062723c751e8b465ee728b)
Start importing Assets/Medieval_pixel_art_asset_FREE/Tiles_free/Medieval_tiles_free2_21.asset using Guid(0bf16d69d9aeaae4189835c6b2342fd4) Importer(815301076,1909f56bfc062723c751e8b465ee728b)  -> (artifact id: 'a9d6a73d17c04a50e4c931e8991c23bf') in 0.030227 seconds 
========================================================================
Received Import Request.
  Time since last request: 0.000025 seconds.
  path: Assets/Medieval_pixel_art_asset_FREE/Tiles_free/Medieval_tiles_free2_48.asset
  artifactKey: Guid(7f36776e1b185bd479fe5d20e2e23995) Importer(815301076,1909f56bfc062723c751e8b465ee728b)
Start importing Assets/Medieval_pixel_art_asset_FREE/Tiles_free/Medieval_tiles_free2_48.asset using Guid(7f36776e1b185bd479fe5d20e2e23995) Importer(815301076,1909f56bfc062723c751e8b465ee728b)  -> (artifact id: '923303b003ae6da8faba50e16477be57') in 0.031695 seconds 
========================================================================
Received Import Request.
  Time since last request: 0.000078 seconds.
  path: Assets/Medieval_pixel_art_asset_FREE/Tiles_free/Medieval_tiles_free2_23.asset
  artifactKey: Guid(706d8307a11b2f24cbc2b2d304cc16f1) Importer(815301076,1909f56bfc062723c751e8b465ee728b)
Start importing Assets/Medieval_pixel_art_asset_FREE/Tiles_free/Medieval_tiles_free2_23.asset using Guid(706d8307a11b2f24cbc2b2d304cc16f1) Importer(815301076,1909f56bfc062723c751e8b465ee728b)  -> (artifact id: '7ee6b352e0854d4551bca713af0376b6') in 0.030793 seconds 
========================================================================
Received Import Request.
  Time since last request: 0.000027 seconds.
  path: Assets/Medieval_pixel_art_asset_FREE/Tiles_free/Medieval_tiles_free2_75.asset
  artifactKey: Guid(164fae5121ce95c42951976fe626e194) Importer(815301076,1909f56bfc062723c751e8b465ee728b)
Start importing Assets/Medieval_pixel_art_asset_FREE/Tiles_free/Medieval_tiles_free2_75.asset using Guid(164fae5121ce95c42951976fe626e194) Importer(815301076,1909f56bfc062723c751e8b465ee728b)  -> (artifact id: '1d7c9e7d6949826273ecb8df186a6725') in 0.030092 seconds 
========================================================================
Received Import Request.
  Time since last request: 0.000034 seconds.
  path: Assets/Medieval_pixel_art_asset_FREE/Tiles_free/Medieval_tiles_free2_58.asset
  artifactKey: Guid(d0c82a4d040e9ab4fa7921498aef3cde) Importer(815301076,1909f56bfc062723c751e8b465ee728b)
Start importing Assets/Medieval_pixel_art_asset_FREE/Tiles_free/Medieval_tiles_free2_58.asset using Guid(d0c82a4d040e9ab4fa7921498aef3cde) Importer(815301076,1909f56bfc062723c751e8b465ee728b)  -> (artifact id: '09224e214ed1becf13b25363eeab18be') in 0.027722 seconds 
========================================================================
Received Import Request.
  Time since last request: 0.000024 seconds.
  path: Assets/Medieval_pixel_art_asset_FREE/Tiles_free/Medieval_tiles_free2_9.asset
  artifactKey: Guid(8cbb1fc886e2cf04083457e2b390e43b) Importer(815301076,1909f56bfc062723c751e8b465ee728b)
Start importing Assets/Medieval_pixel_art_asset_FREE/Tiles_free/Medieval_tiles_free2_9.asset using Guid(8cbb1fc886e2cf04083457e2b390e43b) Importer(815301076,1909f56bfc062723c751e8b465ee728b)  -> (artifact id: '69429049715b8c1a21c1256c37b9f588') in 0.028072 seconds 
========================================================================
Received Import Request.
  Time since last request: 0.000057 seconds.
  path: Assets/Medieval_pixel_art_asset_FREE/Tiles_free/Medieval_tiles_free2_10.asset
  artifactKey: Guid(6f8ffdf4dd9eff74d826989fdc289ecc) Importer(815301076,1909f56bfc062723c751e8b465ee728b)
Start importing Assets/Medieval_pixel_art_asset_FREE/Tiles_free/Medieval_tiles_free2_10.asset using Guid(6f8ffdf4dd9eff74d826989fdc289ecc) Importer(815301076,1909f56bfc062723c751e8b465ee728b)  -> (artifact id: 'a572242a996bd48b7b89a218eadfa0b6') in 0.030779 seconds 
========================================================================
Received Import Request.
  Time since last request: 0.000030 seconds.
  path: Assets/Medieval_pixel_art_asset_FREE/Tiles_free/Medieval_tiles_free2_51.asset
  artifactKey: Guid(4f7b4c99fffee0a40876fadafdf9fcec) Importer(815301076,1909f56bfc062723c751e8b465ee728b)
Start importing Assets/Medieval_pixel_art_asset_FREE/Tiles_free/Medieval_tiles_free2_51.asset using Guid(4f7b4c99fffee0a40876fadafdf9fcec) Importer(815301076,1909f56bfc062723c751e8b465ee728b)  -> (artifact id: '855fec972659074e26fdedef4d5ce263') in 0.025819 seconds 
========================================================================
Received Import Request.
  Time since last request: 0.000024 seconds.
  path: Assets/Medieval_pixel_art_asset_FREE/Tiles_free/Medieval_tiles_free2_15.asset
  artifactKey: Guid(e21a8a830346f7c47937317e47317e97) Importer(815301076,1909f56bfc062723c751e8b465ee728b)
Start importing Assets/Medieval_pixel_art_asset_FREE/Tiles_free/Medieval_tiles_free2_15.asset using Guid(e21a8a830346f7c47937317e47317e97) Importer(815301076,1909f56bfc062723c751e8b465ee728b)  -> (artifact id: '3ced1b5b5d4ebf1ac065c80d3992520c') in 0.024306 seconds 
========================================================================
Received Import Request.
  Time since last request: 0.000027 seconds.
  path: Assets/Medieval_pixel_art_asset_FREE/Tiles_free/Medieval_tiles_free2_16.asset
  artifactKey: Guid(c7e104a15f92b094ca3f320a387f4bf4) Importer(815301076,1909f56bfc062723c751e8b465ee728b)
Start importing Assets/Medieval_pixel_art_asset_FREE/Tiles_free/Medieval_tiles_free2_16.asset using Guid(c7e104a15f92b094ca3f320a387f4bf4) Importer(815301076,1909f56bfc062723c751e8b465ee728b)  -> (artifact id: 'dee133efafd75fe499ef10e47e439d5c') in 0.024422 seconds 
========================================================================
Received Import Request.
  Time since last request: 0.000041 seconds.
  path: Assets/Medieval_pixel_art_asset_FREE/Textures/Medieval_tiles_free2.png
  artifactKey: Guid(cf57b3e7835b02e4493371d9bc259b1b) Importer(815301076,1909f56bfc062723c751e8b465ee728b)
Start importing Assets/Medieval_pixel_art_asset_FREE/Textures/Medieval_tiles_free2.png using Guid(cf57b3e7835b02e4493371d9bc259b1b) Importer(815301076,1909f56bfc062723c751e8b465ee728b)  -> (artifact id: '37c1f14f722c34cb4d684c71a3356285') in 1.165698 seconds 
========================================================================
Received Import Request.
  Time since last request: 0.000091 seconds.
  path: Assets/Medieval_pixel_art_asset_FREE/Tiles_free/Medieval_tiles_free2_31.asset
  artifactKey: Guid(384bd6f8a294d504db2f6dcd946cfc84) Importer(815301076,1909f56bfc062723c751e8b465ee728b)
Start importing Assets/Medieval_pixel_art_asset_FREE/Tiles_free/Medieval_tiles_free2_31.asset using Guid(384bd6f8a294d504db2f6dcd946cfc84) Importer(815301076,1909f56bfc062723c751e8b465ee728b)  -> (artifact id: '60adb84d85fede1110cc9450d28820a3') in 0.031139 seconds 
========================================================================
Received Import Request.
  Time since last request: 0.000059 seconds.
  path: Assets/Medieval_pixel_art_asset_FREE/Tiles_free/Medieval_tiles_free2_81.asset
  artifactKey: Guid(5004cd090d4492a4dbbd99435955192a) Importer(815301076,1909f56bfc062723c751e8b465ee728b)
Start importing Assets/Medieval_pixel_art_asset_FREE/Tiles_free/Medieval_tiles_free2_81.asset using Guid(5004cd090d4492a4dbbd99435955192a) Importer(815301076,1909f56bfc062723c751e8b465ee728b)  -> (artifact id: '372bf4bba347820c99daea722bfab168') in 0.035836 seconds 
========================================================================
Received Import Request.
  Time since last request: 0.000027 seconds.
  path: Assets/Medieval_pixel_art_asset_FREE/Tiles_free/Medieval_tiles_free2_30.asset
  artifactKey: Guid(3ca2bd8a728e7974385b6d5baa7945f4) Importer(815301076,1909f56bfc062723c751e8b465ee728b)
Start importing Assets/Medieval_pixel_art_asset_FREE/Tiles_free/Medieval_tiles_free2_30.asset using Guid(3ca2bd8a728e7974385b6d5baa7945f4) Importer(815301076,1909f56bfc062723c751e8b465ee728b)  -> (artifact id: 'bf109f5105e9ae9c8c250f00e1d89105') in 0.046793 seconds 
========================================================================
Received Import Request.
  Time since last request: 0.000023 seconds.
  path: Assets/Medieval_pixel_art_asset_FREE/Prefabs
  artifactKey: Guid(25b462d4c7ecad445843e353e2d90427) Importer(815301076,1909f56bfc062723c751e8b465ee728b)
Start importing Assets/Medieval_pixel_art_asset_FREE/Prefabs using Guid(25b462d4c7ecad445843e353e2d90427) Importer(815301076,1909f56bfc062723c751e8b465ee728b)  -> (artifact id: 'f7db7a7970cdab2f150120990fe9b27d') in 0.020437 seconds 
========================================================================
Received Import Request.
  Time since last request: 0.000036 seconds.
  path: Assets/Medieval_pixel_art_asset_FREE/Tiles_free/Medieval_tiles_free2_3.asset
  artifactKey: Guid(a22c97a39c65b374dbccd029d4df9a21) Importer(815301076,1909f56bfc062723c751e8b465ee728b)
Start importing Assets/Medieval_pixel_art_asset_FREE/Tiles_free/Medieval_tiles_free2_3.asset using Guid(a22c97a39c65b374dbccd029d4df9a21) Importer(815301076,1909f56bfc062723c751e8b465ee728b)  -> (artifact id: 'aec33b0ea49fc323eb7bfd601252c96c') in 0.024558 seconds 
========================================================================
Received Import Request.
  Time since last request: 0.000028 seconds.
  path: Assets/Medieval_pixel_art_asset_FREE/Tiles_free/Medieval_tiles_free2_11.asset
  artifactKey: Guid(bd0adafd2601bb74dacbd30d5efcd1d3) Importer(815301076,1909f56bfc062723c751e8b465ee728b)
Start importing Assets/Medieval_pixel_art_asset_FREE/Tiles_free/Medieval_tiles_free2_11.asset using Guid(bd0adafd2601bb74dacbd30d5efcd1d3) Importer(815301076,1909f56bfc062723c751e8b465ee728b)  -> (artifact id: 'ed569a698728e261e1f3de9f80fbfdf9') in 0.025126 seconds 
========================================================================
Received Import Request.
  Time since last request: 0.000032 seconds.
  path: Assets/Medieval_pixel_art_asset_FREE/Tiles_free/Medieval_tiles_free2_55.asset
  artifactKey: Guid(c9bc746670b28ec418142d49023fbecd) Importer(815301076,1909f56bfc062723c751e8b465ee728b)
Start importing Assets/Medieval_pixel_art_asset_FREE/Tiles_free/Medieval_tiles_free2_55.asset using Guid(c9bc746670b28ec418142d49023fbecd) Importer(815301076,1909f56bfc062723c751e8b465ee728b)  -> (artifact id: 'be4dbaaaeba7ba014eeca17bbda63cce') in 0.030212 seconds 
========================================================================
Received Import Request.
  Time since last request: 0.000139 seconds.
  path: Assets/Medieval_pixel_art_asset_FREE/Tiles_free/Medieval_tiles_free2_6.asset
  artifactKey: Guid(c6036000667b5934d818717a2318de69) Importer(815301076,1909f56bfc062723c751e8b465ee728b)
Start importing Assets/Medieval_pixel_art_asset_FREE/Tiles_free/Medieval_tiles_free2_6.asset using Guid(c6036000667b5934d818717a2318de69) Importer(815301076,1909f56bfc062723c751e8b465ee728b)  -> (artifact id: '860afb5f0a493b3b31df54a37a19b571') in 0.026096 seconds 
========================================================================
Received Import Request.
  Time since last request: 0.000037 seconds.
  path: Assets/Medieval_pixel_art_asset_FREE/Tiles_free/Medieval_tiles_free2_72.asset
  artifactKey: Guid(2f7bf868b7625964f99d392577b74060) Importer(815301076,1909f56bfc062723c751e8b465ee728b)
Start importing Assets/Medieval_pixel_art_asset_FREE/Tiles_free/Medieval_tiles_free2_72.asset using Guid(2f7bf868b7625964f99d392577b74060) Importer(815301076,1909f56bfc062723c751e8b465ee728b)  -> (artifact id: '7c3175920ee2de8c3c2ddba6e933dbfd') in 0.032515 seconds 
========================================================================
Received Import Request.
  Time since last request: 0.000053 seconds.
  path: Assets/Medieval_pixel_art_asset_FREE/Tiles_free/Medieval_tiles_free2_77.asset
  artifactKey: Guid(194f5115b933c3448b702305f004a2f0) Importer(815301076,1909f56bfc062723c751e8b465ee728b)
Start importing Assets/Medieval_pixel_art_asset_FREE/Tiles_free/Medieval_tiles_free2_77.asset using Guid(194f5115b933c3448b702305f004a2f0) Importer(815301076,1909f56bfc062723c751e8b465ee728b)  -> (artifact id: '5681b03f966fc611e810039bb05256fb') in 0.044559 seconds 
========================================================================
Received Import Request.
  Time since last request: 0.000028 seconds.
  path: Assets/Medieval_pixel_art_asset_FREE/Tiles_free/Medieval_tiles_free2_36.asset
  artifactKey: Guid(f4e6b983780735f4ebdae217da51f126) Importer(815301076,1909f56bfc062723c751e8b465ee728b)
Start importing Assets/Medieval_pixel_art_asset_FREE/Tiles_free/Medieval_tiles_free2_36.asset using Guid(f4e6b983780735f4ebdae217da51f126) Importer(815301076,1909f56bfc062723c751e8b465ee728b)  -> (artifact id: '40f5662cf26a64222ceccbde007f2625') in 0.035760 seconds 
========================================================================
Received Import Request.
  Time since last request: 0.000041 seconds.
  path: Assets/Medieval_pixel_art_asset_FREE/Tiles_free/Medieval_tiles_free2_24.asset
  artifactKey: Guid(3ba78f7ac22c9d84caac47bf2347cb4c) Importer(815301076,1909f56bfc062723c751e8b465ee728b)
Start importing Assets/Medieval_pixel_art_asset_FREE/Tiles_free/Medieval_tiles_free2_24.asset using Guid(3ba78f7ac22c9d84caac47bf2347cb4c) Importer(815301076,1909f56bfc062723c751e8b465ee728b)  -> (artifact id: '6d594e2865a2af9b04fc03b39a49cf0a') in 0.034592 seconds 
========================================================================
Received Import Request.
  Time since last request: 0.000074 seconds.
  path: Assets/Medieval_pixel_art_asset_FREE/Tiles_free/Medieval_tiles_free2_69.asset
  artifactKey: Guid(c9d09ad4fafe1d440aea84178b5a39a5) Importer(815301076,1909f56bfc062723c751e8b465ee728b)
Start importing Assets/Medieval_pixel_art_asset_FREE/Tiles_free/Medieval_tiles_free2_69.asset using Guid(c9d09ad4fafe1d440aea84178b5a39a5) Importer(815301076,1909f56bfc062723c751e8b465ee728b)  -> (artifact id: '5db1086f434e8b58c16dce893a32b98f') in 0.033893 seconds 
========================================================================
Received Import Request.
  Time since last request: 0.000028 seconds.
  path: Assets/Medieval_pixel_art_asset_FREE/Tiles_free/Medieval_tiles_free2_78.asset
  artifactKey: Guid(311007bdaf19e0244bd2217cbe0d9645) Importer(815301076,1909f56bfc062723c751e8b465ee728b)
Start importing Assets/Medieval_pixel_art_asset_FREE/Tiles_free/Medieval_tiles_free2_78.asset using Guid(311007bdaf19e0244bd2217cbe0d9645) Importer(815301076,1909f56bfc062723c751e8b465ee728b)  -> (artifact id: 'fb0942f8a9ae5776f379a48f26faf6f3') in 0.023833 seconds 
========================================================================
Received Import Request.
  Time since last request: 0.000025 seconds.
  path: Assets/Medieval_pixel_art_asset_FREE/Tiles_free/Medieval_tiles_free2_65.asset
  artifactKey: Guid(1bc8d63dc35d75e4d89c90a5c9be0097) Importer(815301076,1909f56bfc062723c751e8b465ee728b)
Start importing Assets/Medieval_pixel_art_asset_FREE/Tiles_free/Medieval_tiles_free2_65.asset using Guid(1bc8d63dc35d75e4d89c90a5c9be0097) Importer(815301076,1909f56bfc062723c751e8b465ee728b)  -> (artifact id: 'f62787004916c86ed35bf475a97bb687') in 0.027678 seconds 
========================================================================
Received Import Request.
  Time since last request: 0.000029 seconds.
  path: Assets/Medieval_pixel_art_asset_FREE/Tiles_free/Medieval_tiles_free2_38.asset
  artifactKey: Guid(2a304df656aa83c4893d32ae8275fe52) Importer(815301076,1909f56bfc062723c751e8b465ee728b)
Start importing Assets/Medieval_pixel_art_asset_FREE/Tiles_free/Medieval_tiles_free2_38.asset using Guid(2a304df656aa83c4893d32ae8275fe52) Importer(815301076,1909f56bfc062723c751e8b465ee728b)  -> (artifact id: '14e24bc3bc7b2eb4814f0b78c79605ac') in 0.029730 seconds 
========================================================================
Received Import Request.
  Time since last request: 0.000028 seconds.
  path: Assets/Medieval_pixel_art_asset_FREE/Tiles_free/Medieval_tiles_free2_45.asset
  artifactKey: Guid(3128955341263c74090c006ed71470a2) Importer(815301076,1909f56bfc062723c751e8b465ee728b)
Start importing Assets/Medieval_pixel_art_asset_FREE/Tiles_free/Medieval_tiles_free2_45.asset using Guid(3128955341263c74090c006ed71470a2) Importer(815301076,1909f56bfc062723c751e8b465ee728b)  -> (artifact id: 'b130f4ac3b28e69396fa4c3da5b4bb61') in 0.030688 seconds 
========================================================================
Received Import Request.
  Time since last request: 0.000030 seconds.
  path: Assets/Medieval_pixel_art_asset_FREE/Tiles_free/Medieval_tiles_free2_34.asset
  artifactKey: Guid(c5ad727bbcad46240b1d37ecf3f275f7) Importer(815301076,1909f56bfc062723c751e8b465ee728b)
Start importing Assets/Medieval_pixel_art_asset_FREE/Tiles_free/Medieval_tiles_free2_34.asset using Guid(c5ad727bbcad46240b1d37ecf3f275f7) Importer(815301076,1909f56bfc062723c751e8b465ee728b)  -> (artifact id: '2fa123acba5da173e01e2417580e54b1') in 0.036735 seconds 
========================================================================
Received Import Request.
  Time since last request: 0.000077 seconds.
  path: Assets/Medieval_pixel_art_asset_FREE/Tiles_free/Medieval_tiles_free2_59.asset
  artifactKey: Guid(2a6ed7fa312b0e444b75b3d388a30bb5) Importer(815301076,1909f56bfc062723c751e8b465ee728b)
Start importing Assets/Medieval_pixel_art_asset_FREE/Tiles_free/Medieval_tiles_free2_59.asset using Guid(2a6ed7fa312b0e444b75b3d388a30bb5) Importer(815301076,1909f56bfc062723c751e8b465ee728b)  -> (artifact id: 'a5ac30654ad3be0bcf84fff01162432a') in 0.031419 seconds 
========================================================================
Received Import Request.
  Time since last request: 0.000033 seconds.
  path: Assets/Medieval_pixel_art_asset_FREE/Tiles_free/Medieval_tiles_free2_80.asset
  artifactKey: Guid(c20cd87475a4d694886b0e12e6045ce3) Importer(815301076,1909f56bfc062723c751e8b465ee728b)
Start importing Assets/Medieval_pixel_art_asset_FREE/Tiles_free/Medieval_tiles_free2_80.asset using Guid(c20cd87475a4d694886b0e12e6045ce3) Importer(815301076,1909f56bfc062723c751e8b465ee728b)  -> (artifact id: '1662a6130d7c4f958725786715e52955') in 0.099730 seconds 
========================================================================
Received Import Request.
  Time since last request: 0.000032 seconds.
  path: Assets/Medieval_pixel_art_asset_FREE/Tiles_free/Medieval_tiles_free2_12.asset
  artifactKey: Guid(c5d5c0047362956438d3faa1d935620b) Importer(815301076,1909f56bfc062723c751e8b465ee728b)
Start importing Assets/Medieval_pixel_art_asset_FREE/Tiles_free/Medieval_tiles_free2_12.asset using Guid(c5d5c0047362956438d3faa1d935620b) Importer(815301076,1909f56bfc062723c751e8b465ee728b)  -> (artifact id: '931ca6191b1c70263100924071544908') in 0.036418 seconds 
========================================================================
Received Import Request.
  Time since last request: 0.000115 seconds.
  path: Assets/Medieval_pixel_art_asset_FREE/Tiles_free/Medieval_tiles_free2_13.asset
  artifactKey: Guid(6ac5fee16c2e8da4d91c8ad5aab85514) Importer(815301076,1909f56bfc062723c751e8b465ee728b)
Start importing Assets/Medieval_pixel_art_asset_FREE/Tiles_free/Medieval_tiles_free2_13.asset using Guid(6ac5fee16c2e8da4d91c8ad5aab85514) Importer(815301076,1909f56bfc062723c751e8b465ee728b)  -> (artifact id: '5615183c4fab1f6003fd992ba42e5244') in 0.030270 seconds 
========================================================================
Received Import Request.
  Time since last request: 0.000034 seconds.
  path: Assets/Medieval_pixel_art_asset_FREE/Tiles_free/Medieval_tiles_free2_57.asset
  artifactKey: Guid(adebb42c4b9514746b250d606bc847d5) Importer(815301076,1909f56bfc062723c751e8b465ee728b)
Start importing Assets/Medieval_pixel_art_asset_FREE/Tiles_free/Medieval_tiles_free2_57.asset using Guid(adebb42c4b9514746b250d606bc847d5) Importer(815301076,1909f56bfc062723c751e8b465ee728b)  -> (artifact id: '22317ec6fbcbe4368443a0171195a8c8') in 0.059619 seconds 
========================================================================
Received Import Request.
  Time since last request: 0.000029 seconds.
  path: Assets/Medieval_pixel_art_asset_FREE/Tiles_free/Medieval_tiles_free2_29.asset
  artifactKey: Guid(0fae4d02d118d244c858d0ea12fb2d6c) Importer(815301076,1909f56bfc062723c751e8b465ee728b)
Start importing Assets/Medieval_pixel_art_asset_FREE/Tiles_free/Medieval_tiles_free2_29.asset using Guid(0fae4d02d118d244c858d0ea12fb2d6c) Importer(815301076,1909f56bfc062723c751e8b465ee728b)  -> (artifact id: '81a3ee9ac2c3656474d6117c07b5d851') in 0.029648 seconds 
========================================================================
Received Import Request.
  Time since last request: 0.000045 seconds.
  path: Assets/Medieval_pixel_art_asset_FREE/Tiles_free/Medieval_tiles_free2_76.asset
  artifactKey: Guid(72b9cb5cd142d4a4d805d5dc30c476c5) Importer(815301076,1909f56bfc062723c751e8b465ee728b)
Start importing Assets/Medieval_pixel_art_asset_FREE/Tiles_free/Medieval_tiles_free2_76.asset using Guid(72b9cb5cd142d4a4d805d5dc30c476c5) Importer(815301076,1909f56bfc062723c751e8b465ee728b)  -> (artifact id: '617f3e8911cbb94d7921a0df24754348') in 0.028084 seconds 
========================================================================
Received Import Request.
  Time since last request: 0.000030 seconds.
  path: Assets/Medieval_pixel_art_asset_FREE/Tiles_free/Medieval_tiles_free2_32.asset
  artifactKey: Guid(b9eda2a54a9f40348804c9aaabe17b1d) Importer(815301076,1909f56bfc062723c751e8b465ee728b)
Start importing Assets/Medieval_pixel_art_asset_FREE/Tiles_free/Medieval_tiles_free2_32.asset using Guid(b9eda2a54a9f40348804c9aaabe17b1d) Importer(815301076,1909f56bfc062723c751e8b465ee728b)  -> (artifact id: 'a710843fea773306304f7f2b0e9675e9') in 0.029336 seconds 
========================================================================
Received Import Request.
  Time since last request: 0.000034 seconds.
  path: Assets/Medieval_pixel_art_asset_FREE/Tiles_free/Medieval_tiles_free2_43.asset
  artifactKey: Guid(40157bb7c4b726343b1e8ea873df3f16) Importer(815301076,1909f56bfc062723c751e8b465ee728b)
Start importing Assets/Medieval_pixel_art_asset_FREE/Tiles_free/Medieval_tiles_free2_43.asset using Guid(40157bb7c4b726343b1e8ea873df3f16) Importer(815301076,1909f56bfc062723c751e8b465ee728b)  -> (artifact id: 'b47e2a5b2e41dc5576f411fff9263c18') in 0.038118 seconds 
========================================================================
Received Import Request.
  Time since last request: 0.000041 seconds.
  path: Assets/Medieval_pixel_art_asset_FREE/Tiles_free/Medieval_tiles_free2_44.asset
  artifactKey: Guid(954409f4ba53fb24a9eb9592050da5b5) Importer(815301076,1909f56bfc062723c751e8b465ee728b)
Start importing Assets/Medieval_pixel_art_asset_FREE/Tiles_free/Medieval_tiles_free2_44.asset using Guid(954409f4ba53fb24a9eb9592050da5b5) Importer(815301076,1909f56bfc062723c751e8b465ee728b)  -> (artifact id: 'b099d385a112dd62f0c571de6158b8cc') in 0.023793 seconds 
========================================================================
Received Import Request.
  Time since last request: 0.000030 seconds.
  path: Assets/Medieval_pixel_art_asset_FREE/Tiles_free/Medieval_tiles_free2_19.asset
  artifactKey: Guid(e64f4d07434b48e4eae4df3a53982d2a) Importer(815301076,1909f56bfc062723c751e8b465ee728b)
Start importing Assets/Medieval_pixel_art_asset_FREE/Tiles_free/Medieval_tiles_free2_19.asset using Guid(e64f4d07434b48e4eae4df3a53982d2a) Importer(815301076,1909f56bfc062723c751e8b465ee728b)  -> (artifact id: 'f66fc305b0d6edf1679c0786628bf004') in 0.024258 seconds 
========================================================================
Received Import Request.
  Time since last request: 0.000027 seconds.
  path: Assets/Medieval_pixel_art_asset_FREE/Tiles_free/Medieval_tiles_free2_0.asset
  artifactKey: Guid(d9f98adac48e02c4ca93094b79d999d5) Importer(815301076,1909f56bfc062723c751e8b465ee728b)
Start importing Assets/Medieval_pixel_art_asset_FREE/Tiles_free/Medieval_tiles_free2_0.asset using Guid(d9f98adac48e02c4ca93094b79d999d5) Importer(815301076,1909f56bfc062723c751e8b465ee728b)  -> (artifact id: '4315202e69e2bbf8c73edd26829120d2') in 0.037061 seconds 
========================================================================
Received Import Request.
  Time since last request: 0.000046 seconds.
  path: Assets/Medieval_pixel_art_asset_FREE/Tiles_free/Medieval_tiles_free2_7.asset
  artifactKey: Guid(0dbd2c7dd43603c4f8d08d7964404ad0) Importer(815301076,1909f56bfc062723c751e8b465ee728b)
Start importing Assets/Medieval_pixel_art_asset_FREE/Tiles_free/Medieval_tiles_free2_7.asset using Guid(0dbd2c7dd43603c4f8d08d7964404ad0) Importer(815301076,1909f56bfc062723c751e8b465ee728b)  -> (artifact id: '3e95982a4498f31fa5fdf982e9a2355c') in 0.045749 seconds 
========================================================================
Received Import Request.
  Time since last request: 0.000035 seconds.
  path: Assets/Medieval_pixel_art_asset_FREE/Tiles_free/Medieval_tiles_free2_67.asset
  artifactKey: Guid(48739b254deb5b84888af6fd0e3fafc8) Importer(815301076,1909f56bfc062723c751e8b465ee728b)
Start importing Assets/Medieval_pixel_art_asset_FREE/Tiles_free/Medieval_tiles_free2_67.asset using Guid(48739b254deb5b84888af6fd0e3fafc8) Importer(815301076,1909f56bfc062723c751e8b465ee728b)  -> (artifact id: '63ae254d02c85a072e5d594fdd1657df') in 0.030398 seconds 
========================================================================
Received Import Request.
  Time since last request: 0.000027 seconds.
  path: Assets/Medieval_pixel_art_asset_FREE/Tiles_free/Medieval_tiles_free2_64.asset
  artifactKey: Guid(44deb446fe8ddff42899a201ef75789a) Importer(815301076,1909f56bfc062723c751e8b465ee728b)
Start importing Assets/Medieval_pixel_art_asset_FREE/Tiles_free/Medieval_tiles_free2_64.asset using Guid(44deb446fe8ddff42899a201ef75789a) Importer(815301076,1909f56bfc062723c751e8b465ee728b)  -> (artifact id: '7cc4c5b9e4c7752333fc0063491933f6') in 0.020807 seconds 
========================================================================
Received Import Request.
  Time since last request: 0.000039 seconds.
  path: Assets/Medieval_pixel_art_asset_FREE/Tiles_free/Medieval_tiles_free2_14.asset
  artifactKey: Guid(1643ced41447bb446a5b15799b0b5503) Importer(815301076,1909f56bfc062723c751e8b465ee728b)
Start importing Assets/Medieval_pixel_art_asset_FREE/Tiles_free/Medieval_tiles_free2_14.asset using Guid(1643ced41447bb446a5b15799b0b5503) Importer(815301076,1909f56bfc062723c751e8b465ee728b)  -> (artifact id: 'a07e0dc469c3d07b1be671e124a8d0eb') in 0.023324 seconds 
========================================================================
Received Import Request.
  Time since last request: 0.000027 seconds.
  path: Assets/Medieval_pixel_art_asset_FREE/Tiles_free/Medieval_tiles_free2_63.asset
  artifactKey: Guid(9a8aaef3a28be2649baf921162d62da1) Importer(815301076,1909f56bfc062723c751e8b465ee728b)
Start importing Assets/Medieval_pixel_art_asset_FREE/Tiles_free/Medieval_tiles_free2_63.asset using Guid(9a8aaef3a28be2649baf921162d62da1) Importer(815301076,1909f56bfc062723c751e8b465ee728b)  -> (artifact id: '9c21d07e21f276574dccb6bd1d55ba2c') in 0.023427 seconds 
========================================================================
Received Import Request.
  Time since last request: 0.000042 seconds.
  path: Assets/Medieval_pixel_art_asset_FREE/Tiles_free/Medieval_tiles_free2_47.asset
  artifactKey: Guid(d6dcffd7ba5598f498736d5eef96c311) Importer(815301076,1909f56bfc062723c751e8b465ee728b)
Start importing Assets/Medieval_pixel_art_asset_FREE/Tiles_free/Medieval_tiles_free2_47.asset using Guid(d6dcffd7ba5598f498736d5eef96c311) Importer(815301076,1909f56bfc062723c751e8b465ee728b)  -> (artifact id: 'be56d0ee42c639987925cf2d397511a7') in 0.030984 seconds 
========================================================================
Received Import Request.
  Time since last request: 0.000029 seconds.
  path: Assets/Medieval_pixel_art_asset_FREE/Tiles_free/Medieval_tiles_free2_74.asset
  artifactKey: Guid(3da4324532840ab47b24c4e7a77daf44) Importer(815301076,1909f56bfc062723c751e8b465ee728b)
Start importing Assets/Medieval_pixel_art_asset_FREE/Tiles_free/Medieval_tiles_free2_74.asset using Guid(3da4324532840ab47b24c4e7a77daf44) Importer(815301076,1909f56bfc062723c751e8b465ee728b)  -> (artifact id: 'def468ccad25b0ca4dcdd4ff2a6acdbc') in 0.028796 seconds 
========================================================================
Received Import Request.
  Time since last request: 0.000026 seconds.
  path: Assets/Medieval_pixel_art_asset_FREE/Tiles_free/Medieval_tiles_free2_66.asset
  artifactKey: Guid(71d1a9f3c18301e4db3cea1ac29e26c7) Importer(815301076,1909f56bfc062723c751e8b465ee728b)
Start importing Assets/Medieval_pixel_art_asset_FREE/Tiles_free/Medieval_tiles_free2_66.asset using Guid(71d1a9f3c18301e4db3cea1ac29e26c7) Importer(815301076,1909f56bfc062723c751e8b465ee728b)  -> (artifact id: 'd43c488956e0151d168a82933421e8fa') in 0.022613 seconds 
========================================================================
Received Import Request.
  Time since last request: 0.000027 seconds.
  path: Assets/Medieval_pixel_art_asset_FREE/Tiles_free/Medieval_tiles_free2_25.asset
  artifactKey: Guid(45b87adb5b36d1a419ec58982723b566) Importer(815301076,1909f56bfc062723c751e8b465ee728b)
Start importing Assets/Medieval_pixel_art_asset_FREE/Tiles_free/Medieval_tiles_free2_25.asset using Guid(45b87adb5b36d1a419ec58982723b566) Importer(815301076,1909f56bfc062723c751e8b465ee728b)  -> (artifact id: '8527b0ce9db3779cf5cabd5fd7d33202') in 0.029289 seconds 
========================================================================
Received Import Request.
  Time since last request: 0.000048 seconds.
  path: Assets/Medieval_pixel_art_asset_FREE/Tiles_free/Medieval_tiles_free2_46.asset
  artifactKey: Guid(2268a5d94b519824fbdf5db5d3eb0cba) Importer(815301076,1909f56bfc062723c751e8b465ee728b)
Start importing Assets/Medieval_pixel_art_asset_FREE/Tiles_free/Medieval_tiles_free2_46.asset using Guid(2268a5d94b519824fbdf5db5d3eb0cba) Importer(815301076,1909f56bfc062723c751e8b465ee728b)  -> (artifact id: 'db05dd86c1a0d8164c6c27a461fba9a1') in 0.021518 seconds 
========================================================================
Received Import Request.
  Time since last request: 0.000025 seconds.
  path: Assets/Medieval_pixel_art_asset_FREE/Tiles_free/Medieval_tiles_free2_54.asset
  artifactKey: Guid(61005a1b0358eee498315897c030d417) Importer(815301076,1909f56bfc062723c751e8b465ee728b)
Start importing Assets/Medieval_pixel_art_asset_FREE/Tiles_free/Medieval_tiles_free2_54.asset using Guid(61005a1b0358eee498315897c030d417) Importer(815301076,1909f56bfc062723c751e8b465ee728b)  -> (artifact id: 'd4f0e0472e3fe9c84e9a112d5e138856') in 0.020760 seconds 
========================================================================
Received Import Request.
  Time since last request: 0.000026 seconds.
  path: Assets/Medieval_pixel_art_asset_FREE/Tiles_free/Medieval_tiles_free2_70.asset
  artifactKey: Guid(bffde621c5c2ba544ab421bf55b9ff59) Importer(815301076,1909f56bfc062723c751e8b465ee728b)
Start importing Assets/Medieval_pixel_art_asset_FREE/Tiles_free/Medieval_tiles_free2_70.asset using Guid(bffde621c5c2ba544ab421bf55b9ff59) Importer(815301076,1909f56bfc062723c751e8b465ee728b)  -> (artifact id: '9a966581c37fabfe3ca43372e0256128') in 0.025520 seconds 
========================================================================
Received Import Request.
  Time since last request: 0.000024 seconds.
  path: Assets/Medieval_pixel_art_asset_FREE/Tiles_free/Medieval_tiles_free2_27.asset
  artifactKey: Guid(e54df89b4f95dd74ba08f64cdf6af519) Importer(815301076,1909f56bfc062723c751e8b465ee728b)
Start importing Assets/Medieval_pixel_art_asset_FREE/Tiles_free/Medieval_tiles_free2_27.asset using Guid(e54df89b4f95dd74ba08f64cdf6af519) Importer(815301076,1909f56bfc062723c751e8b465ee728b)  -> (artifact id: '8b7ad751928ea08a82fca30020bd542a') in 0.024290 seconds 
========================================================================
Received Import Request.
  Time since last request: 0.000025 seconds.
  path: Assets/Medieval_pixel_art_asset_FREE/Tiles_free/Medieval_tiles_free2_22.asset
  artifactKey: Guid(55198fbb560b87e4f825fffd7fd0b33d) Importer(815301076,1909f56bfc062723c751e8b465ee728b)
Start importing Assets/Medieval_pixel_art_asset_FREE/Tiles_free/Medieval_tiles_free2_22.asset using Guid(55198fbb560b87e4f825fffd7fd0b33d) Importer(815301076,1909f56bfc062723c751e8b465ee728b)  -> (artifact id: '21d440d615311cd4d7bea4d9acacf584') in 0.025939 seconds 
========================================================================
Received Import Request.
  Time since last request: 0.000037 seconds.
  path: Assets/Medieval_pixel_art_asset_FREE/Textures/Medieval_props_free.png
  artifactKey: Guid(ae3918a914038694d852d0bb81f62473) Importer(815301076,1909f56bfc062723c751e8b465ee728b)
Start importing Assets/Medieval_pixel_art_asset_FREE/Textures/Medieval_props_free.png using Guid(ae3918a914038694d852d0bb81f62473) Importer(815301076,1909f56bfc062723c751e8b465ee728b)  -> (artifact id: '10880fb7d95853208f124faba8a99687') in 0.425413 seconds 
========================================================================
Received Import Request.
  Time since last request: 0.000036 seconds.
  path: Assets/Medieval_pixel_art_asset_FREE/Tiles_free/Medieval_tiles_free2_20.asset
  artifactKey: Guid(a62abee5790bdde47aab392a0a9a4b34) Importer(815301076,1909f56bfc062723c751e8b465ee728b)
Start importing Assets/Medieval_pixel_art_asset_FREE/Tiles_free/Medieval_tiles_free2_20.asset using Guid(a62abee5790bdde47aab392a0a9a4b34) Importer(815301076,1909f56bfc062723c751e8b465ee728b)  -> (artifact id: 'd950c1932575e5ef39c577207ffe6f28') in 0.030705 seconds 
========================================================================
Received Import Request.
  Time since last request: 0.000039 seconds.
  path: Assets/Medieval_pixel_art_asset_FREE/Tiles_free/Medieval_tiles_free2_61.asset
  artifactKey: Guid(1f5de28909e9756469cb72e199333498) Importer(815301076,1909f56bfc062723c751e8b465ee728b)
Start importing Assets/Medieval_pixel_art_asset_FREE/Tiles_free/Medieval_tiles_free2_61.asset using Guid(1f5de28909e9756469cb72e199333498) Importer(815301076,1909f56bfc062723c751e8b465ee728b)  -> (artifact id: 'd3f7daf5914254d7fb6bf611ade8fd4a') in 0.038043 seconds 
========================================================================
Received Import Request.
  Time since last request: 34.265039 seconds.
  path: Assets/Medieval_pixel_art_asset_FREE/Tiles_free/Medieval_tiles_free2_82.asset
  artifactKey: Guid(1b51ee068d69a214386bdfe76ede6b26) Importer(815301076,1909f56bfc062723c751e8b465ee728b)
Start importing Assets/Medieval_pixel_art_asset_FREE/Tiles_free/Medieval_tiles_free2_82.asset using Guid(1b51ee068d69a214386bdfe76ede6b26) Importer(815301076,1909f56bfc062723c751e8b465ee728b)  -> (artifact id: '14040d4ec02ec621cab3f3f294ed01ed') in 0.047330 seconds 
========================================================================
Received Import Request.
  Time since last request: 0.000032 seconds.
  path: Assets/Medieval_pixel_art_asset_FREE/Tiles_free/Medieval_tiles_free2_88.asset
  artifactKey: Guid(aa3bb409f5a3f6d4e8d9016162f47ea8) Importer(815301076,1909f56bfc062723c751e8b465ee728b)
Start importing Assets/Medieval_pixel_art_asset_FREE/Tiles_free/Medieval_tiles_free2_88.asset using Guid(aa3bb409f5a3f6d4e8d9016162f47ea8) Importer(815301076,1909f56bfc062723c751e8b465ee728b)  -> (artifact id: '319512a80ad0a63125194d19b9639430') in 0.026991 seconds 
========================================================================
Received Import Request.
  Time since last request: 0.000037 seconds.
  path: Assets/Medieval_pixel_art_asset_FREE/Tiles_free/Medieval_tiles_free2_106.asset
  artifactKey: Guid(7c9d00dc209289e4b8bcb471a7654129) Importer(815301076,1909f56bfc062723c751e8b465ee728b)
Start importing Assets/Medieval_pixel_art_asset_FREE/Tiles_free/Medieval_tiles_free2_106.asset using Guid(7c9d00dc209289e4b8bcb471a7654129) Importer(815301076,1909f56bfc062723c751e8b465ee728b)  -> (artifact id: 'd4ade5cedfff65f29cc48f2969e46e99') in 0.029323 seconds 
========================================================================
Received Import Request.
  Time since last request: 0.000026 seconds.
  path: Assets/Medieval_pixel_art_asset_FREE/Tiles_free/Medieval_tiles_free2_98.asset
  artifactKey: Guid(bb584ce50cd305949b9bc0c108467129) Importer(815301076,1909f56bfc062723c751e8b465ee728b)
Start importing Assets/Medieval_pixel_art_asset_FREE/Tiles_free/Medieval_tiles_free2_98.asset using Guid(bb584ce50cd305949b9bc0c108467129) Importer(815301076,1909f56bfc062723c751e8b465ee728b)  -> (artifact id: '334ca68f91f49fdcd1365437c88133ba') in 0.044425 seconds 
========================================================================
Received Import Request.
  Time since last request: 0.000064 seconds.
  path: Assets/Medieval_pixel_art_asset_FREE/Tiles_free/Medieval_tiles_free2_96.asset
  artifactKey: Guid(32dd2376552e01e4b88327b9b4d0e2de) Importer(815301076,1909f56bfc062723c751e8b465ee728b)
Start importing Assets/Medieval_pixel_art_asset_FREE/Tiles_free/Medieval_tiles_free2_96.asset using Guid(32dd2376552e01e4b88327b9b4d0e2de) Importer(815301076,1909f56bfc062723c751e8b465ee728b)  -> (artifact id: 'b6296413f3cffbe5090912fdb2ac1fc9') in 0.033151 seconds 
========================================================================
Received Import Request.
  Time since last request: 0.000032 seconds.
  path: Assets/Medieval_pixel_art_asset_FREE/Tiles_free/Medieval_tiles_free2_100.asset
  artifactKey: Guid(5551bb9f09e2c484db806c77d898b831) Importer(815301076,1909f56bfc062723c751e8b465ee728b)
Start importing Assets/Medieval_pixel_art_asset_FREE/Tiles_free/Medieval_tiles_free2_100.asset using Guid(5551bb9f09e2c484db806c77d898b831) Importer(815301076,1909f56bfc062723c751e8b465ee728b)  -> (artifact id: '86f8a2d470d1fc7b9f88a955f21079ff') in 0.037726 seconds 
========================================================================
Received Import Request.
  Time since last request: 0.000030 seconds.
  path: Assets/Medieval_pixel_art_asset_FREE/Tiles_free/Medieval_tiles_free2_87.asset
  artifactKey: Guid(fa37831e8939b64439d7e1b25c3bc824) Importer(815301076,1909f56bfc062723c751e8b465ee728b)
Start importing Assets/Medieval_pixel_art_asset_FREE/Tiles_free/Medieval_tiles_free2_87.asset using Guid(fa37831e8939b64439d7e1b25c3bc824) Importer(815301076,1909f56bfc062723c751e8b465ee728b)  -> (artifact id: '5c73595a89579bd062cb49c8e92c19cd') in 0.025557 seconds 
========================================================================
Received Import Request.
  Time since last request: 0.000059 seconds.
  path: Assets/Medieval_pixel_art_asset_FREE/Tiles_free/Medieval_tiles_free2_97.asset
  artifactKey: Guid(78e61841b3a727140835283c3dbbec06) Importer(815301076,1909f56bfc062723c751e8b465ee728b)
Start importing Assets/Medieval_pixel_art_asset_FREE/Tiles_free/Medieval_tiles_free2_97.asset using Guid(78e61841b3a727140835283c3dbbec06) Importer(815301076,1909f56bfc062723c751e8b465ee728b)  -> (artifact id: '9a83ef4c02436e8fc4c0295a416829ce') in 0.028479 seconds 
========================================================================
Received Import Request.
  Time since last request: 0.000029 seconds.
  path: Assets/Medieval_pixel_art_asset_FREE/Tiles_free/Medieval_tiles_free2_103.asset
  artifactKey: Guid(d358db5499a17b54da0b7541e73aad5c) Importer(815301076,1909f56bfc062723c751e8b465ee728b)
Start importing Assets/Medieval_pixel_art_asset_FREE/Tiles_free/Medieval_tiles_free2_103.asset using Guid(d358db5499a17b54da0b7541e73aad5c) Importer(815301076,1909f56bfc062723c751e8b465ee728b)  -> (artifact id: 'abbc674012f404b69311099dd2b5b65e') in 0.026735 seconds 
========================================================================
Received Import Request.
  Time since last request: 0.000029 seconds.
  path: Assets/Medieval_pixel_art_asset_FREE/Tiles_free/Medieval_tiles_free2_93.asset
  artifactKey: Guid(7839e178ca63d774dbaa88f724267c3a) Importer(815301076,1909f56bfc062723c751e8b465ee728b)
Start importing Assets/Medieval_pixel_art_asset_FREE/Tiles_free/Medieval_tiles_free2_93.asset using Guid(7839e178ca63d774dbaa88f724267c3a) Importer(815301076,1909f56bfc062723c751e8b465ee728b)  -> (artifact id: '73fd8e9a02f17f7b150d486a776a6354') in 0.040954 seconds 
========================================================================
Received Import Request.
  Time since last request: 0.002616 seconds.
  path: Assets/Medieval_pixel_art_asset_FREE/Tiles_free/Medieval_tiles_free2_90.asset
  artifactKey: Guid(255eae3bf797af24bb0ed0670ff4d797) Importer(815301076,1909f56bfc062723c751e8b465ee728b)
Start importing Assets/Medieval_pixel_art_asset_FREE/Tiles_free/Medieval_tiles_free2_90.asset using Guid(255eae3bf797af24bb0ed0670ff4d797) Importer(815301076,1909f56bfc062723c751e8b465ee728b)  -> (artifact id: '40a6367c1f35a5922bbeda4df1dd58e7') in 0.057325 seconds 
========================================================================
Received Import Request.
  Time since last request: 0.000032 seconds.
  path: Assets/Medieval_pixel_art_asset_FREE/Tiles_free/Medieval_tiles_free2_101.asset
  artifactKey: Guid(a7ae61f4b99e86740bdf4297d9e25b47) Importer(815301076,1909f56bfc062723c751e8b465ee728b)
Start importing Assets/Medieval_pixel_art_asset_FREE/Tiles_free/Medieval_tiles_free2_101.asset using Guid(a7ae61f4b99e86740bdf4297d9e25b47) Importer(815301076,1909f56bfc062723c751e8b465ee728b)  -> (artifact id: '78c476292610ce907c8979231057fba4') in 0.030093 seconds 
========================================================================
Received Import Request.
  Time since last request: 0.000042 seconds.
  path: Assets/Medieval_pixel_art_asset_FREE/Tiles_free/Medieval_tiles_free2_84.asset
  artifactKey: Guid(edebfe5eb56613e45b0c1ab49191c536) Importer(815301076,1909f56bfc062723c751e8b465ee728b)
Start importing Assets/Medieval_pixel_art_asset_FREE/Tiles_free/Medieval_tiles_free2_84.asset using Guid(edebfe5eb56613e45b0c1ab49191c536) Importer(815301076,1909f56bfc062723c751e8b465ee728b)  -> (artifact id: 'f07723d3a4f11a3070c22f584b9dad07') in 0.029410 seconds 
========================================================================
Received Import Request.
  Time since last request: 0.000028 seconds.
  path: Assets/Medieval_pixel_art_asset_FREE/Tiles_free/Medieval_tiles_free2_92.asset
  artifactKey: Guid(e718d46dbbb67674fb5579fe6e979b64) Importer(815301076,1909f56bfc062723c751e8b465ee728b)
Start importing Assets/Medieval_pixel_art_asset_FREE/Tiles_free/Medieval_tiles_free2_92.asset using Guid(e718d46dbbb67674fb5579fe6e979b64) Importer(815301076,1909f56bfc062723c751e8b465ee728b)  -> (artifact id: '43e7568c11199197bd802cac782e8a2a') in 0.026575 seconds 
========================================================================
Received Import Request.
  Time since last request: 0.000024 seconds.
  path: Assets/Medieval_pixel_art_asset_FREE/Tiles_free/Medieval_tiles_free2_108.asset
  artifactKey: Guid(0c772ce0a07ae7b4d90ff2ddc597228a) Importer(815301076,1909f56bfc062723c751e8b465ee728b)
Start importing Assets/Medieval_pixel_art_asset_FREE/Tiles_free/Medieval_tiles_free2_108.asset using Guid(0c772ce0a07ae7b4d90ff2ddc597228a) Importer(815301076,1909f56bfc062723c751e8b465ee728b)  -> (artifact id: '347d4edc9dcd20385cc725bb1c2bee76') in 0.026646 seconds 
========================================================================
Received Import Request.
  Time since last request: 0.000026 seconds.
  path: Assets/Medieval_pixel_art_asset_FREE/Tiles_free/Medieval_tiles_free2_99.asset
  artifactKey: Guid(c04fa706db18f354e973f5bf23f16f89) Importer(815301076,1909f56bfc062723c751e8b465ee728b)
Start importing Assets/Medieval_pixel_art_asset_FREE/Tiles_free/Medieval_tiles_free2_99.asset using Guid(c04fa706db18f354e973f5bf23f16f89) Importer(815301076,1909f56bfc062723c751e8b465ee728b)  -> (artifact id: 'a8de649f37f4bf22b31c488ed0a0edb3') in 0.030851 seconds 
========================================================================
Received Import Request.
  Time since last request: 0.000031 seconds.
  path: Assets/Medieval_pixel_art_asset_FREE/Tiles_free/Medieval_tiles_free2_83.asset
  artifactKey: Guid(c61609dcfd495194698028eadeaef068) Importer(815301076,1909f56bfc062723c751e8b465ee728b)
Start importing Assets/Medieval_pixel_art_asset_FREE/Tiles_free/Medieval_tiles_free2_83.asset using Guid(c61609dcfd495194698028eadeaef068) Importer(815301076,1909f56bfc062723c751e8b465ee728b)  -> (artifact id: '41d4b7df6aab1d4b0cc0dd38e2de87eb') in 0.028763 seconds 
========================================================================
Received Import Request.
  Time since last request: 0.000027 seconds.
  path: Assets/Medieval_pixel_art_asset_FREE/Tiles_free/Medieval_tiles_free2_85.asset
  artifactKey: Guid(727ee8fd8cdc7ea4ebbc3c59e527904d) Importer(815301076,1909f56bfc062723c751e8b465ee728b)
Start importing Assets/Medieval_pixel_art_asset_FREE/Tiles_free/Medieval_tiles_free2_85.asset using Guid(727ee8fd8cdc7ea4ebbc3c59e527904d) Importer(815301076,1909f56bfc062723c751e8b465ee728b)  -> (artifact id: '657ea5c0b772d647db542c7f5d2d0f14') in 0.041431 seconds 
========================================================================
Received Import Request.
  Time since last request: 0.003171 seconds.
  path: Assets/Medieval_pixel_art_asset_FREE/Tiles_free/Medieval_tiles_free2_105.asset
  artifactKey: Guid(7072f65015411324d9a28f2d01b10599) Importer(815301076,1909f56bfc062723c751e8b465ee728b)
Start importing Assets/Medieval_pixel_art_asset_FREE/Tiles_free/Medieval_tiles_free2_105.asset using Guid(7072f65015411324d9a28f2d01b10599) Importer(815301076,1909f56bfc062723c751e8b465ee728b)  -> (artifact id: '88bbec8714840e2a4fc89e14be141571') in 0.032211 seconds 
========================================================================
Received Import Request.
  Time since last request: 0.000026 seconds.
  path: Assets/Medieval_pixel_art_asset_FREE/Tiles_free/Medieval_tiles_free2_89.asset
  artifactKey: Guid(a41c5be3fa5d77d47a53d8dae4eca2a7) Importer(815301076,1909f56bfc062723c751e8b465ee728b)
Start importing Assets/Medieval_pixel_art_asset_FREE/Tiles_free/Medieval_tiles_free2_89.asset using Guid(a41c5be3fa5d77d47a53d8dae4eca2a7) Importer(815301076,1909f56bfc062723c751e8b465ee728b)  -> (artifact id: 'ced6574ea49f76bec571bbb3f842e385') in 0.026679 seconds 
========================================================================
Received Import Request.
  Time since last request: 0.000028 seconds.
  path: Assets/Medieval_pixel_art_asset_FREE/Tiles_free/Medieval_tiles_free2_95.asset
  artifactKey: Guid(f7b16f67efcf6e3499ff361d7bfba613) Importer(815301076,1909f56bfc062723c751e8b465ee728b)
Start importing Assets/Medieval_pixel_art_asset_FREE/Tiles_free/Medieval_tiles_free2_95.asset using Guid(f7b16f67efcf6e3499ff361d7bfba613) Importer(815301076,1909f56bfc062723c751e8b465ee728b)  -> (artifact id: '67206cd9f0d5c874de4e49b3a1ac4bff') in 0.033724 seconds 
========================================================================
Received Import Request.
  Time since last request: 0.000029 seconds.
  path: Assets/Medieval_pixel_art_asset_FREE/Tiles_free/Medieval_tiles_free2_91.asset
  artifactKey: Guid(5ad159fe974c77a4bad038a286c53d4e) Importer(815301076,1909f56bfc062723c751e8b465ee728b)
Start importing Assets/Medieval_pixel_art_asset_FREE/Tiles_free/Medieval_tiles_free2_91.asset using Guid(5ad159fe974c77a4bad038a286c53d4e) Importer(815301076,1909f56bfc062723c751e8b465ee728b)  -> (artifact id: '17071d45fec9837d547b079db9abd245') in 0.038211 seconds 
========================================================================
Received Import Request.
  Time since last request: 0.000030 seconds.
  path: Assets/Medieval_pixel_art_asset_FREE/Tiles_free/Medieval_tiles_free2_107.asset
  artifactKey: Guid(80ff01adb65a3e04bab350f2e930ede5) Importer(815301076,1909f56bfc062723c751e8b465ee728b)
Start importing Assets/Medieval_pixel_art_asset_FREE/Tiles_free/Medieval_tiles_free2_107.asset using Guid(80ff01adb65a3e04bab350f2e930ede5) Importer(815301076,1909f56bfc062723c751e8b465ee728b)  -> (artifact id: '3721f42ef544b7833292cb4652d145df') in 0.027217 seconds 
========================================================================
Received Import Request.
  Time since last request: 0.000035 seconds.
  path: Assets/Medieval_pixel_art_asset_FREE/Tiles_free/Medieval_tiles_free2_86.asset
  artifactKey: Guid(9f8d2f8f63cd53f4f98df92d3d4fd57c) Importer(815301076,1909f56bfc062723c751e8b465ee728b)
Start importing Assets/Medieval_pixel_art_asset_FREE/Tiles_free/Medieval_tiles_free2_86.asset using Guid(9f8d2f8f63cd53f4f98df92d3d4fd57c) Importer(815301076,1909f56bfc062723c751e8b465ee728b)  -> (artifact id: 'ca0f5a20311654e058304a586daf60d6') in 0.042813 seconds 
========================================================================
Received Import Request.
  Time since last request: 0.000205 seconds.
  path: Assets/Medieval_pixel_art_asset_FREE/Tiles_free/Medieval_tiles_free2_102.asset
  artifactKey: Guid(0bb988223add60444a10f3dc3b09f484) Importer(815301076,1909f56bfc062723c751e8b465ee728b)
Start importing Assets/Medieval_pixel_art_asset_FREE/Tiles_free/Medieval_tiles_free2_102.asset using Guid(0bb988223add60444a10f3dc3b09f484) Importer(815301076,1909f56bfc062723c751e8b465ee728b)  -> (artifact id: '6b0db58cc97997131ecf861dfc128b32') in 0.027901 seconds 
========================================================================
Received Import Request.
  Time since last request: 0.000030 seconds.
  path: Assets/Medieval_pixel_art_asset_FREE/Tiles_free/Medieval_tiles_free2_94.asset
  artifactKey: Guid(afdf70666c9d9584aa92fb7d5195f52a) Importer(815301076,1909f56bfc062723c751e8b465ee728b)
Start importing Assets/Medieval_pixel_art_asset_FREE/Tiles_free/Medieval_tiles_free2_94.asset using Guid(afdf70666c9d9584aa92fb7d5195f52a) Importer(815301076,1909f56bfc062723c751e8b465ee728b)  -> (artifact id: 'd3eb8291bc50deaa44c0178583f8842b') in 0.052153 seconds 
========================================================================
Received Import Request.
  Time since last request: 0.000030 seconds.
  path: Assets/Medieval_pixel_art_asset_FREE/Tiles_free/Medieval_tiles_free2_104.asset
  artifactKey: Guid(22c99bc047967e04896bef12bd77e11c) Importer(815301076,1909f56bfc062723c751e8b465ee728b)
Start importing Assets/Medieval_pixel_art_asset_FREE/Tiles_free/Medieval_tiles_free2_104.asset using Guid(22c99bc047967e04896bef12bd77e11c) Importer(815301076,1909f56bfc062723c751e8b465ee728b)  -> (artifact id: '9230f667291d5af24df524ebe66f298c') in 0.031572 seconds 
========================================================================
Received Prepare
Registering precompiled user dll's ...
Registered in 0.022375 seconds.
Begin MonoManager ReloadAssembly
Symbol file LoadedFromMemory doesn't match image Z:\Eros\jogos\unity-projects\My project (1)\Library\PackageCache\com.unity.visualscripting@1.7.8\Editor\VisualScripting.Core\Dependencies\YamlDotNet\Unity.VisualScripting.YamlDotNet.dll
Symbol file LoadedFromMemory doesn't match image Z:\Eros\jogos\unity-projects\My project (1)\Library\PackageCache\com.unity.visualscripting@1.7.8\Editor\VisualScripting.Core\Dependencies\DotNetZip\Unity.VisualScripting.IonicZip.dll
Native extension for WindowsStandalone target not found
Native extension for WebGL target not found
Refreshing native plugins compatible for Editor in 2.92 ms, found 4 plugins.
Preloading 0 native plugins for Editor in 0.00 ms.
Mono: successfully reloaded assembly
- Completed reload, in  4.687 seconds
Domain Reload Profiling:
	ReloadAssembly (4690ms)
		BeginReloadAssembly (653ms)
			ExecutionOrderSort (0ms)
			DisableScriptedObjects (39ms)
			BackupInstance (0ms)
			ReleaseScriptingObjects (0ms)
			CreateAndSetChildDomain (212ms)
		EndReloadAssembly (3738ms)
			LoadAssemblies (587ms)
			RebuildTransferFunctionScriptingTraits (0ms)
			SetupTypeCache (1183ms)
			ReleaseScriptCaches (2ms)
			RebuildScriptCaches (282ms)
			SetupLoadedEditorAssemblies (911ms)
				LogAssemblyErrors (0ms)
				InitializePlatformSupportModulesInManaged (142ms)
				SetLoadedEditorAssemblies (6ms)
				RefreshPlugins (3ms)
				BeforeProcessingInitializeOnLoad (171ms)
				ProcessInitializeOnLoadAttributes (403ms)
				ProcessInitializeOnLoadMethodAttributes (176ms)
				AfterProcessingInitializeOnLoad (10ms)
				EditorAssembliesLoaded (0ms)
			ExecutionOrderSort2 (0ms)
			AwakeInstancesAfterBackupRestoration (18ms)
Platform modules already initialized, skipping
Refreshing native plugins compatible for Editor in 3.83 ms, found 4 plugins.
Preloading 0 native plugins for Editor in 0.00 ms.
Unloading 4055 Unused Serialized files (Serialized files now loaded: 0)
Unloading 31 unused Assets / (190.2 KB). Loaded Objects now: 4563.
Memory consumption went from 155.7 MB to 155.5 MB.
Total: 5.531700 ms (FindLiveObjects: 0.343300 ms CreateObjectMapping: 0.364700 ms MarkObjects: 4.623700 ms  DeleteObjects: 0.198400 ms)

AssetImportParameters requested are different than current active one (requested -> active):
  custom:video-decoder-ogg-theora: a1e56fd34408186e4bbccfd4996cb3dc -> 
  custom:container-muxer-webm: aa71ff27fc2769a1b78a27578f13a17b -> 
  custom:container-demuxer-webm: 4f35f7cbe854078d1ac9338744f61a02 -> 
  custom:video-encoder-webm-vp8: eb34c28f22e8b96e1ab97ce403110664 -> 
  custom:audio-encoder-webm-vorbis: bf7c407c2cedff20999df2af8eb42d56 -> 
  custom:framework-win-MediaFoundation: 216162199b28c13a410421893ffa2e32 -> 
  custom:container-demuxer-ogg: 62fdf1f143b41e24485cea50d1cbac27 -> 
  custom:video-decoder-webm-vp8: 9c59270c3fd7afecdb556c50c9e8de78 -> 
  custom:audio-decoder-ogg-vorbis: bf7c407c2cedff20999df2af8eb42d56 -> 
========================================================================
Received Import Request.
  Time since last request: 185.978121 seconds.
  path: Assets/Medieval_pixel_art_asset_FREE/palettes/Medieval_pixel_art_tileset_free.prefab
  artifactKey: Guid(24d7ac66bf388d14186f825aca992a57) Importer(815301076,1909f56bfc062723c751e8b465ee728b)
Start importing Assets/Medieval_pixel_art_asset_FREE/palettes/Medieval_pixel_art_tileset_free.prefab using Guid(24d7ac66bf388d14186f825aca992a57) Importer(815301076,1909f56bfc062723c751e8b465ee728b)  -> (artifact id: 'c87de4389d4fba6bc42c96b9d5ed30d9') in 0.308125 seconds 
========================================================================
Received Prepare
Registering precompiled user dll's ...
Registered in 0.018876 seconds.
Begin MonoManager ReloadAssembly
Symbol file LoadedFromMemory doesn't match image Z:\Eros\jogos\unity-projects\My project (1)\Library\PackageCache\com.unity.visualscripting@1.7.8\Editor\VisualScripting.Core\Dependencies\YamlDotNet\Unity.VisualScripting.YamlDotNet.dll
Symbol file LoadedFromMemory doesn't match image Z:\Eros\jogos\unity-projects\My project (1)\Library\PackageCache\com.unity.visualscripting@1.7.8\Editor\VisualScripting.Core\Dependencies\DotNetZip\Unity.VisualScripting.IonicZip.dll
Native extension for WindowsStandalone target not found
Native extension for WebGL target not found
Refreshing native plugins compatible for Editor in 1.11 ms, found 4 plugins.
Preloading 0 native plugins for Editor in 0.00 ms.
Mono: successfully reloaded assembly
- Completed reload, in  3.577 seconds
Domain Reload Profiling:
	ReloadAssembly (3580ms)
		BeginReloadAssembly (643ms)
			ExecutionOrderSort (0ms)
			DisableScriptedObjects (34ms)
			BackupInstance (0ms)
			ReleaseScriptingObjects (0ms)
			CreateAndSetChildDomain (86ms)
		EndReloadAssembly (2630ms)
			LoadAssemblies (532ms)
			RebuildTransferFunctionScriptingTraits (0ms)
			SetupTypeCache (825ms)
			ReleaseScriptCaches (4ms)
			RebuildScriptCaches (113ms)
			SetupLoadedEditorAssemblies (1110ms)
				LogAssemblyErrors (0ms)
				InitializePlatformSupportModulesInManaged (35ms)
				SetLoadedEditorAssemblies (1ms)
				RefreshPlugins (1ms)
				BeforeProcessingInitializeOnLoad (290ms)
				ProcessInitializeOnLoadAttributes (671ms)
				ProcessInitializeOnLoadMethodAttributes (101ms)
				AfterProcessingInitializeOnLoad (11ms)
				EditorAssembliesLoaded (0ms)
			ExecutionOrderSort2 (0ms)
			AwakeInstancesAfterBackupRestoration (25ms)
Platform modules already initialized, skipping
Refreshing native plugins compatible for Editor in 4.95 ms, found 4 plugins.
Preloading 0 native plugins for Editor in 0.00 ms.
Unloading 4055 Unused Serialized files (Serialized files now loaded: 0)
Unloading 31 unused Assets / (190.0 KB). Loaded Objects now: 4570.
Memory consumption went from 155.7 MB to 155.5 MB.
Total: 5.222800 ms (FindLiveObjects: 0.342800 ms CreateObjectMapping: 0.191100 ms MarkObjects: 4.455700 ms  DeleteObjects: 0.231600 ms)

AssetImportParameters requested are different than current active one (requested -> active):
  custom:video-decoder-ogg-theora: a1e56fd34408186e4bbccfd4996cb3dc -> 
  custom:container-muxer-webm: aa71ff27fc2769a1b78a27578f13a17b -> 
  custom:container-demuxer-webm: 4f35f7cbe854078d1ac9338744f61a02 -> 
  custom:video-encoder-webm-vp8: eb34c28f22e8b96e1ab97ce403110664 -> 
  custom:audio-encoder-webm-vorbis: bf7c407c2cedff20999df2af8eb42d56 -> 
  custom:framework-win-MediaFoundation: 216162199b28c13a410421893ffa2e32 -> 
  custom:container-demuxer-ogg: 62fdf1f143b41e24485cea50d1cbac27 -> 
  custom:video-decoder-webm-vp8: 9c59270c3fd7afecdb556c50c9e8de78 -> 
  custom:audio-decoder-ogg-vorbis: bf7c407c2cedff20999df2af8eb42d56 -> 
========================================================================
Received Prepare
Registering precompiled user dll's ...
Registered in 0.017123 seconds.
Begin MonoManager ReloadAssembly
Symbol file LoadedFromMemory doesn't match image Z:\Eros\jogos\unity-projects\My project (1)\Library\PackageCache\com.unity.visualscripting@1.7.8\Editor\VisualScripting.Core\Dependencies\YamlDotNet\Unity.VisualScripting.YamlDotNet.dll
Symbol file LoadedFromMemory doesn't match image Z:\Eros\jogos\unity-projects\My project (1)\Library\PackageCache\com.unity.visualscripting@1.7.8\Editor\VisualScripting.Core\Dependencies\DotNetZip\Unity.VisualScripting.IonicZip.dll
Native extension for WindowsStandalone target not found
Native extension for WebGL target not found
Refreshing native plugins compatible for Editor in 1.18 ms, found 4 plugins.
Preloading 0 native plugins for Editor in 0.00 ms.
Mono: successfully reloaded assembly
- Completed reload, in  3.421 seconds
Domain Reload Profiling:
	ReloadAssembly (3422ms)
		BeginReloadAssembly (870ms)
			ExecutionOrderSort (0ms)
			DisableScriptedObjects (20ms)
			BackupInstance (0ms)
			ReleaseScriptingObjects (0ms)
			CreateAndSetChildDomain (162ms)
		EndReloadAssembly (2297ms)
			LoadAssemblies (693ms)
			RebuildTransferFunctionScriptingTraits (0ms)
			SetupTypeCache (773ms)
			ReleaseScriptCaches (2ms)
			RebuildScriptCaches (85ms)
			SetupLoadedEditorAssemblies (1011ms)
				LogAssemblyErrors (0ms)
				InitializePlatformSupportModulesInManaged (37ms)
				SetLoadedEditorAssemblies (1ms)
				RefreshPlugins (1ms)
				BeforeProcessingInitializeOnLoad (132ms)
				ProcessInitializeOnLoadAttributes (734ms)
				ProcessInitializeOnLoadMethodAttributes (98ms)
				AfterProcessingInitializeOnLoad (8ms)
				EditorAssembliesLoaded (0ms)
			ExecutionOrderSort2 (0ms)
			AwakeInstancesAfterBackupRestoration (20ms)
Platform modules already initialized, skipping
Refreshing native plugins compatible for Editor in 4.08 ms, found 4 plugins.
Preloading 0 native plugins for Editor in 0.00 ms.
Unloading 4055 Unused Serialized files (Serialized files now loaded: 0)
Unloading 31 unused Assets / (189.7 KB). Loaded Objects now: 4573.
Memory consumption went from 155.8 MB to 155.6 MB.
Total: 5.298000 ms (FindLiveObjects: 0.339600 ms CreateObjectMapping: 0.155800 ms MarkObjects: 4.446500 ms  DeleteObjects: 0.354300 ms)

AssetImportParameters requested are different than current active one (requested -> active):
  custom:video-decoder-ogg-theora: a1e56fd34408186e4bbccfd4996cb3dc -> 
  custom:container-muxer-webm: aa71ff27fc2769a1b78a27578f13a17b -> 
  custom:container-demuxer-webm: 4f35f7cbe854078d1ac9338744f61a02 -> 
  custom:video-encoder-webm-vp8: eb34c28f22e8b96e1ab97ce403110664 -> 
  custom:audio-encoder-webm-vorbis: bf7c407c2cedff20999df2af8eb42d56 -> 
  custom:framework-win-MediaFoundation: 216162199b28c13a410421893ffa2e32 -> 
  custom:container-demuxer-ogg: 62fdf1f143b41e24485cea50d1cbac27 -> 
  custom:video-decoder-webm-vp8: 9c59270c3fd7afecdb556c50c9e8de78 -> 
  custom:audio-decoder-ogg-vorbis: bf7c407c2cedff20999df2af8eb42d56 -> 
========================================================================
Received Prepare
Registering precompiled user dll's ...
Registered in 0.020801 seconds.
Begin MonoManager ReloadAssembly
Symbol file LoadedFromMemory doesn't match image Z:\Eros\jogos\unity-projects\My project (1)\Library\PackageCache\com.unity.visualscripting@1.7.8\Editor\VisualScripting.Core\Dependencies\YamlDotNet\Unity.VisualScripting.YamlDotNet.dll
Symbol file LoadedFromMemory doesn't match image Z:\Eros\jogos\unity-projects\My project (1)\Library\PackageCache\com.unity.visualscripting@1.7.8\Editor\VisualScripting.Core\Dependencies\DotNetZip\Unity.VisualScripting.IonicZip.dll
Native extension for WindowsStandalone target not found
Native extension for WebGL target not found
Refreshing native plugins compatible for Editor in 1.01 ms, found 4 plugins.
Preloading 0 native plugins for Editor in 0.00 ms.
Mono: successfully reloaded assembly
- Completed reload, in  4.169 seconds
Domain Reload Profiling:
	ReloadAssembly (4170ms)
		BeginReloadAssembly (688ms)
			ExecutionOrderSort (0ms)
			DisableScriptedObjects (69ms)
			BackupInstance (0ms)
			ReleaseScriptingObjects (0ms)
			CreateAndSetChildDomain (99ms)
		EndReloadAssembly (2951ms)
			LoadAssemblies (542ms)
			RebuildTransferFunctionScriptingTraits (0ms)
			SetupTypeCache (1029ms)
			ReleaseScriptCaches (3ms)
			RebuildScriptCaches (249ms)
			SetupLoadedEditorAssemblies (1271ms)
				LogAssemblyErrors (0ms)
				InitializePlatformSupportModulesInManaged (52ms)
				SetLoadedEditorAssemblies (1ms)
				RefreshPlugins (1ms)
				BeforeProcessingInitializeOnLoad (207ms)
				ProcessInitializeOnLoadAttributes (772ms)
				ProcessInitializeOnLoadMethodAttributes (226ms)
				AfterProcessingInitializeOnLoad (11ms)
				EditorAssembliesLoaded (0ms)
			ExecutionOrderSort2 (0ms)
			AwakeInstancesAfterBackupRestoration (22ms)
Platform modules already initialized, skipping
Refreshing native plugins compatible for Editor in 3.67 ms, found 4 plugins.
Preloading 0 native plugins for Editor in 0.00 ms.
Unloading 4055 Unused Serialized files (Serialized files now loaded: 0)
Unloading 31 unused Assets / (189.6 KB). Loaded Objects now: 4576.
Memory consumption went from 155.8 MB to 155.6 MB.
Total: 5.850800 ms (FindLiveObjects: 0.367100 ms CreateObjectMapping: 0.153200 ms MarkObjects: 5.136300 ms  DeleteObjects: 0.192500 ms)

AssetImportParameters requested are different than current active one (requested -> active):
  custom:video-decoder-ogg-theora: a1e56fd34408186e4bbccfd4996cb3dc -> 
  custom:container-muxer-webm: aa71ff27fc2769a1b78a27578f13a17b -> 
  custom:container-demuxer-webm: 4f35f7cbe854078d1ac9338744f61a02 -> 
  custom:video-encoder-webm-vp8: eb34c28f22e8b96e1ab97ce403110664 -> 
  custom:audio-encoder-webm-vorbis: bf7c407c2cedff20999df2af8eb42d56 -> 
  custom:framework-win-MediaFoundation: 216162199b28c13a410421893ffa2e32 -> 
  custom:container-demuxer-ogg: 62fdf1f143b41e24485cea50d1cbac27 -> 
  custom:video-decoder-webm-vp8: 9c59270c3fd7afecdb556c50c9e8de78 -> 
  custom:audio-decoder-ogg-vorbis: bf7c407c2cedff20999df2af8eb42d56 -> 
========================================================================
Received Prepare
Registering precompiled user dll's ...
Registered in 0.019193 seconds.
Begin MonoManager ReloadAssembly
Symbol file LoadedFromMemory doesn't match image Z:\Eros\jogos\unity-projects\My project (1)\Library\PackageCache\com.unity.visualscripting@1.7.8\Editor\VisualScripting.Core\Dependencies\YamlDotNet\Unity.VisualScripting.YamlDotNet.dll
Symbol file LoadedFromMemory doesn't match image Z:\Eros\jogos\unity-projects\My project (1)\Library\PackageCache\com.unity.visualscripting@1.7.8\Editor\VisualScripting.Core\Dependencies\DotNetZip\Unity.VisualScripting.IonicZip.dll
Native extension for WindowsStandalone target not found
Native extension for WebGL target not found
Refreshing native plugins compatible for Editor in 0.96 ms, found 4 plugins.
Preloading 0 native plugins for Editor in 0.00 ms.
Mono: successfully reloaded assembly
- Completed reload, in  3.257 seconds
Domain Reload Profiling:
	ReloadAssembly (3258ms)
		BeginReloadAssembly (430ms)
			ExecutionOrderSort (0ms)
			DisableScriptedObjects (18ms)
			BackupInstance (0ms)
			ReleaseScriptingObjects (0ms)
			CreateAndSetChildDomain (85ms)
		EndReloadAssembly (2582ms)
			LoadAssemblies (385ms)
			RebuildTransferFunctionScriptingTraits (0ms)
			SetupTypeCache (807ms)
			ReleaseScriptCaches (2ms)
			RebuildScriptCaches (136ms)
			SetupLoadedEditorAssemblies (1100ms)
				LogAssemblyErrors (0ms)
				InitializePlatformSupportModulesInManaged (32ms)
				SetLoadedEditorAssemblies (1ms)
				RefreshPlugins (1ms)
				BeforeProcessingInitializeOnLoad (338ms)
				ProcessInitializeOnLoadAttributes (628ms)
				ProcessInitializeOnLoadMethodAttributes (88ms)
				AfterProcessingInitializeOnLoad (12ms)
				EditorAssembliesLoaded (0ms)
			ExecutionOrderSort2 (0ms)
			AwakeInstancesAfterBackupRestoration (31ms)
Platform modules already initialized, skipping
Refreshing native plugins compatible for Editor in 6.53 ms, found 4 plugins.
Preloading 0 native plugins for Editor in 0.00 ms.
Unloading 4055 Unused Serialized files (Serialized files now loaded: 0)
Unloading 31 unused Assets / (189.8 KB). Loaded Objects now: 4579.
Memory consumption went from 155.8 MB to 155.6 MB.
Total: 5.664100 ms (FindLiveObjects: 0.349000 ms CreateObjectMapping: 0.283300 ms MarkObjects: 4.765600 ms  DeleteObjects: 0.264800 ms)

AssetImportParameters requested are different than current active one (requested -> active):
  custom:video-decoder-ogg-theora: a1e56fd34408186e4bbccfd4996cb3dc -> 
  custom:container-muxer-webm: aa71ff27fc2769a1b78a27578f13a17b -> 
  custom:container-demuxer-webm: 4f35f7cbe854078d1ac9338744f61a02 -> 
  custom:video-encoder-webm-vp8: eb34c28f22e8b96e1ab97ce403110664 -> 
  custom:audio-encoder-webm-vorbis: bf7c407c2cedff20999df2af8eb42d56 -> 
  custom:framework-win-MediaFoundation: 216162199b28c13a410421893ffa2e32 -> 
  custom:container-demuxer-ogg: 62fdf1f143b41e24485cea50d1cbac27 -> 
  custom:video-decoder-webm-vp8: 9c59270c3fd7afecdb556c50c9e8de78 -> 
  custom:audio-decoder-ogg-vorbis: bf7c407c2cedff20999df2af8eb42d56 -> 
========================================================================
Received Prepare
Registering precompiled user dll's ...
Registered in 0.016215 seconds.
Begin MonoManager ReloadAssembly
Symbol file LoadedFromMemory doesn't match image Z:\Eros\jogos\unity-projects\My project (1)\Library\PackageCache\com.unity.visualscripting@1.7.8\Editor\VisualScripting.Core\Dependencies\YamlDotNet\Unity.VisualScripting.YamlDotNet.dll
Symbol file LoadedFromMemory doesn't match image Z:\Eros\jogos\unity-projects\My project (1)\Library\PackageCache\com.unity.visualscripting@1.7.8\Editor\VisualScripting.Core\Dependencies\DotNetZip\Unity.VisualScripting.IonicZip.dll
Native extension for WindowsStandalone target not found
Native extension for WebGL target not found
Refreshing native plugins compatible for Editor in 2.60 ms, found 4 plugins.
Preloading 0 native plugins for Editor in 0.00 ms.
Mono: successfully reloaded assembly
- Completed reload, in  3.326 seconds
Domain Reload Profiling:
	ReloadAssembly (3329ms)
		BeginReloadAssembly (596ms)
			ExecutionOrderSort (0ms)
			DisableScriptedObjects (85ms)
			BackupInstance (0ms)
			ReleaseScriptingObjects (0ms)
			CreateAndSetChildDomain (72ms)
		EndReloadAssembly (2365ms)
			LoadAssemblies (447ms)
			RebuildTransferFunctionScriptingTraits (0ms)
			SetupTypeCache (722ms)
			ReleaseScriptCaches (2ms)
			RebuildScriptCaches (265ms)
			SetupLoadedEditorAssemblies (1018ms)
				LogAssemblyErrors (0ms)
				InitializePlatformSupportModulesInManaged (34ms)
				SetLoadedEditorAssemblies (1ms)
				RefreshPlugins (3ms)
				BeforeProcessingInitializeOnLoad (187ms)
				ProcessInitializeOnLoadAttributes (676ms)
				ProcessInitializeOnLoadMethodAttributes (105ms)
				AfterProcessingInitializeOnLoad (12ms)
				EditorAssembliesLoaded (0ms)
			ExecutionOrderSort2 (0ms)
			AwakeInstancesAfterBackupRestoration (21ms)
Platform modules already initialized, skipping
Refreshing native plugins compatible for Editor in 7.01 ms, found 4 plugins.
Preloading 0 native plugins for Editor in 0.00 ms.
Unloading 4055 Unused Serialized files (Serialized files now loaded: 0)
Unloading 31 unused Assets / (189.7 KB). Loaded Objects now: 4582.
Memory consumption went from 155.8 MB to 155.6 MB.
Total: 5.299500 ms (FindLiveObjects: 0.361200 ms CreateObjectMapping: 0.159300 ms MarkObjects: 4.580500 ms  DeleteObjects: 0.196800 ms)

AssetImportParameters requested are different than current active one (requested -> active):
  custom:video-decoder-ogg-theora: a1e56fd34408186e4bbccfd4996cb3dc -> 
  custom:container-muxer-webm: aa71ff27fc2769a1b78a27578f13a17b -> 
  custom:container-demuxer-webm: 4f35f7cbe854078d1ac9338744f61a02 -> 
  custom:video-encoder-webm-vp8: eb34c28f22e8b96e1ab97ce403110664 -> 
  custom:audio-encoder-webm-vorbis: bf7c407c2cedff20999df2af8eb42d56 -> 
  custom:framework-win-MediaFoundation: 216162199b28c13a410421893ffa2e32 -> 
  custom:container-demuxer-ogg: 62fdf1f143b41e24485cea50d1cbac27 -> 
  custom:video-decoder-webm-vp8: 9c59270c3fd7afecdb556c50c9e8de78 -> 
  custom:audio-decoder-ogg-vorbis: bf7c407c2cedff20999df2af8eb42d56 -> 
========================================================================
Received Prepare
Registering precompiled user dll's ...
Registered in 0.030449 seconds.
Begin MonoManager ReloadAssembly
Symbol file LoadedFromMemory doesn't match image Z:\Eros\jogos\unity-projects\My project (1)\Library\PackageCache\com.unity.visualscripting@1.7.8\Editor\VisualScripting.Core\Dependencies\YamlDotNet\Unity.VisualScripting.YamlDotNet.dll
Symbol file LoadedFromMemory doesn't match image Z:\Eros\jogos\unity-projects\My project (1)\Library\PackageCache\com.unity.visualscripting@1.7.8\Editor\VisualScripting.Core\Dependencies\DotNetZip\Unity.VisualScripting.IonicZip.dll
Native extension for WindowsStandalone target not found
Native extension for WebGL target not found
Refreshing native plugins compatible for Editor in 1.66 ms, found 4 plugins.
Preloading 0 native plugins for Editor in 0.00 ms.
Mono: successfully reloaded assembly
- Completed reload, in  4.211 seconds
Domain Reload Profiling:
	ReloadAssembly (4212ms)
		BeginReloadAssembly (485ms)
			ExecutionOrderSort (0ms)
			DisableScriptedObjects (24ms)
			BackupInstance (0ms)
			ReleaseScriptingObjects (0ms)
			CreateAndSetChildDomain (99ms)
		EndReloadAssembly (3489ms)
			LoadAssemblies (441ms)
			RebuildTransferFunctionScriptingTraits (0ms)
			SetupTypeCache (1101ms)
			ReleaseScriptCaches (4ms)
			RebuildScriptCaches (252ms)
			SetupLoadedEditorAssemblies (1380ms)
				LogAssemblyErrors (0ms)
				InitializePlatformSupportModulesInManaged (46ms)
				SetLoadedEditorAssemblies (2ms)
				RefreshPlugins (2ms)
				BeforeProcessingInitializeOnLoad (402ms)
				ProcessInitializeOnLoadAttributes (760ms)
				ProcessInitializeOnLoadMethodAttributes (138ms)
				AfterProcessingInitializeOnLoad (30ms)
				EditorAssembliesLoaded (1ms)
			ExecutionOrderSort2 (0ms)
			AwakeInstancesAfterBackupRestoration (176ms)
Platform modules already initialized, skipping
Refreshing native plugins compatible for Editor in 34.20 ms, found 4 plugins.
Preloading 0 native plugins for Editor in 0.00 ms.
Unloading 4055 Unused Serialized files (Serialized files now loaded: 0)
Unloading 31 unused Assets / (189.8 KB). Loaded Objects now: 4585.
Memory consumption went from 155.8 MB to 155.6 MB.
Total: 19.318300 ms (FindLiveObjects: 0.768300 ms CreateObjectMapping: 0.572800 ms MarkObjects: 17.707000 ms  DeleteObjects: 0.268500 ms)

AssetImportParameters requested are different than current active one (requested -> active):
  custom:video-decoder-ogg-theora: a1e56fd34408186e4bbccfd4996cb3dc -> 
  custom:container-muxer-webm: aa71ff27fc2769a1b78a27578f13a17b -> 
  custom:container-demuxer-webm: 4f35f7cbe854078d1ac9338744f61a02 -> 
  custom:video-encoder-webm-vp8: eb34c28f22e8b96e1ab97ce403110664 -> 
  custom:audio-encoder-webm-vorbis: bf7c407c2cedff20999df2af8eb42d56 -> 
  custom:framework-win-MediaFoundation: 216162199b28c13a410421893ffa2e32 -> 
  custom:container-demuxer-ogg: 62fdf1f143b41e24485cea50d1cbac27 -> 
  custom:video-decoder-webm-vp8: 9c59270c3fd7afecdb556c50c9e8de78 -> 
  custom:audio-decoder-ogg-vorbis: bf7c407c2cedff20999df2af8eb42d56 -> 
========================================================================
Received Import Request.
  Time since last request: 862.258487 seconds.
  path: Assets/Sprites/Monsters Creatures Fantasy
  artifactKey: Guid(48efb77a843476c4ab931305339ded14) Importer(815301076,1909f56bfc062723c751e8b465ee728b)
Start importing Assets/Sprites/Monsters Creatures Fantasy using Guid(48efb77a843476c4ab931305339ded14) Importer(815301076,1909f56bfc062723c751e8b465ee728b)  -> (artifact id: '803346cb1b9239bfb526f54f4af5dbc1') in 0.022971 seconds 
========================================================================
Received Import Request.
  Time since last request: 2.210832 seconds.
  path: Assets/Sprites/Monsters Creatures Fantasy/Sprites
  artifactKey: Guid(4996574f823d4d4428b84c837beed802) Importer(815301076,1909f56bfc062723c751e8b465ee728b)
Start importing Assets/Sprites/Monsters Creatures Fantasy/Sprites using Guid(4996574f823d4d4428b84c837beed802) Importer(815301076,1909f56bfc062723c751e8b465ee728b)  -> (artifact id: 'c9f4fef1d183c7519a4aa576ce7f1b8d') in 0.011985 seconds 
========================================================================
Received Import Request.
  Time since last request: 1.293324 seconds.
  path: Assets/Sprites/Monsters Creatures Fantasy/Sprites/Mushroom
  artifactKey: Guid(c50392c3fe9138043b78e7611d958478) Importer(815301076,1909f56bfc062723c751e8b465ee728b)
Start importing Assets/Sprites/Monsters Creatures Fantasy/Sprites/Mushroom using Guid(c50392c3fe9138043b78e7611d958478) Importer(815301076,1909f56bfc062723c751e8b465ee728b)  -> (artifact id: '4f0a12d3ca2c05836e3284a1404351f2') in 0.011145 seconds 
